[INFO] Comparison output directory: runs/comparison/compare_20251113_101940
[INFO] Log file: runs/comparison/compare_20251113_101940/comparison.log
[ARGS] agents=['SARSA', 'ReactiveAverage', 'ReactiveMaximum'] baseline_cache=runs/comparison/compare_20251112_114906 dqn_model=None episodes=10 initial_workers=12 input_dir=None max_steps=30 model=rl/runs/sarsa_run_20251112_155138/models/sarsa_ep0060.pkl output_dir=runs/comparison phase_shuffle=False phase_shuffle_seed=42 plot_only=False seed=42 step_duration=8 task_seed=42


======================================================================
EVALUATING SARSA (Episode 1/10)
[MODEL] Loaded SARSA agent from: rl/runs/sarsa_run_20251112_155138/models/sarsa_ep0060.pkl
======================================================================


[1/3] Resetting environment...
✓ Initial state: [ 3.   0.   0.   0.  12.   1.5  1.5  0.   1. ]
[2/3] Running up to 30 steps...
Step      Time[s]     Action  Scale_T[s]   Step_D[s]    Input_Q   Worker_Q   Result_Q   Output_Q   Workers    QoS[%]    AVG_T[s]    MAX_T[s]       ARR      Reward
1            8.88          0        0.00        8.01          3          0          0         16        12    100.00        1.57        2.90      2.24        4.95
2           16.89         +1        5.74        8.01          3          0          0         28        13    100.00        1.45        2.90      1.87        2.25
3           25.03         +1        6.82        8.14          3          0          0         44        14    100.00        1.45        2.93      1.87        0.65
4           34.18         +1        8.80        9.15          3          0          0         69        15    100.00        1.56        3.00      2.49       -0.95
5           42.26         +1        5.69        8.07          3          0          0         84        16    100.00        1.34        2.27      1.73       -2.55
6           50.32         +1        6.79        8.07          2          0          2        105        17    100.00        1.24        2.89      4.47       -4.15
7           58.37         -1        3.36        8.05          2          4          0        180        16     90.67        2.01        3.94      9.80       -2.53
8           66.53         +1        5.89        8.16          2          0          0        224        17    100.00        2.06        3.89      3.32       -4.15
9           74.59         +1        5.91        8.06          2          0          0        277        18    100.00        1.57        2.95      8.16       -5.75
10          82.76         -1        3.36        8.17          2          0          0        346        17    100.00        1.72        2.98      7.86        1.35
11          90.80         -1        3.34        8.04          2          0          0        399        16    100.00        1.66        3.03      6.82        2.95
12          98.88         +1        6.01        8.08          2          0          0        446        17    100.00        1.40        2.97      5.69       -4.15
13         106.92         -1        3.37        8.04          2         11          1        503        16     96.49        1.80        2.92      9.07        4.89
14         115.03         +1        6.06        8.11          1          0          0        565        17     91.80        1.93        3.67      5.32        4.35
15         123.18         +1        6.04        8.14          1          0          0        608        18    100.00        1.71        2.95      5.27       -5.75
16         131.24         -1        3.33        8.07          1          0          0        646        17    100.00        1.53        3.00      4.59        1.35
17         139.47         -1        3.37        8.22          1          0          1        692        16    100.00        1.48        2.98      6.02        2.95
18         147.53         -1        3.30        8.06          1          0          0        731        15    100.00        1.52        2.52      4.53        4.55
19         155.61         -1        3.33        8.08          1          0          0        778        14    100.00        1.57        2.92      5.20        6.15
20         163.64         -1        2.36        8.03          1          0          1        814        13    100.00        1.72        3.10      4.24        7.75
21         171.71         -1        2.32        8.07          0          0          2        841        12    100.00        1.48        2.96      4.59        9.35
22         179.86          0        0.00        8.15          0          1          0        875        12    100.00        1.50        2.97      4.31        4.95
23         188.07         +1        7.95        8.21          0          0          0        931        13     96.36        1.49        3.07      6.43        1.05
24         196.18         +1        5.79        8.12          0          0          0        970        14    100.00        1.46        2.98      4.20        0.65
25         204.23         +1        5.97        8.05          0          0          1       1012        15    100.00        1.62        3.04      4.95       -0.95
26         212.29         +1        5.95        8.06          0          0          1       1054        16    100.00        1.59        3.00      6.22       -2.55
27         220.38         +1        5.97        8.09          0          0          0       1098        17    100.00        1.60        2.98      4.45       -4.15
28         228.45         -1        1.76        8.07          0          0          2       1131        16    100.00        1.56        2.68      4.33        2.95
29         236.88         +1        6.03        8.43          0          0          0       1140        17    100.00        1.90        2.54      0.50        1.85


[INFO] Episode finished at step 29


[3/3] Summary Statistics
----------------------------------------------------------------------
Total Steps:        29
Total Reward:       27.31
Mean Reward:        0.94 ± 4.02
Mean QoS Rate:      99.15%
Final QoS (tasks):  98.60%
Mean Workers:       15.4
Max Workers:        18.0
Scaling Actions:    27
No-op Actions:      2
======================================================================




======================================================================
EVALUATING SARSA (Episode 2/10)
[MODEL] Loaded SARSA agent from: rl/runs/sarsa_run_20251112_155138/models/sarsa_ep0060.pkl
======================================================================


[1/3] Resetting environment...
✓ Initial state: [ 3.   0.   0.   0.  12.   1.5  1.5  0.   1. ]
[2/3] Running up to 30 steps...
Step      Time[s]     Action  Scale_T[s]   Step_D[s]    Input_Q   Worker_Q   Result_Q   Output_Q   Workers    QoS[%]    AVG_T[s]    MAX_T[s]       ARR      Reward
1            9.20          0        0.00        8.10          3          0          0         16        12    100.00        1.39        2.91      2.45        4.95
2           17.23         +1        6.55        8.03          3          0          0         29        13    100.00        1.49        2.92      1.12        2.25
3           25.30          0        0.00        8.07          3          0          1         42        13    100.00        1.67        2.93      2.11        3.35
4           33.33         +1        7.79        8.03          3          0          0         63        14    100.00        1.49        2.98      2.24        0.65
5           41.39         +1        6.74        8.06          3          0          0         73        15    100.00        1.71        2.90      1.25       -0.95
6           49.50          0        0.00        8.11          3          0          0         84        15    100.00        1.45        2.23      1.85        0.15
7           57.59         +1        7.76        8.10          2          4          0        122        16    100.00        1.45        2.95      6.43       -2.55
8           65.72         +1        5.75        8.12          2          0          0        200        17    100.00        1.48        2.99      9.36       -4.15
9           73.75         -1        3.37        8.04          2          0          2        268        16    100.00        1.60        3.01      7.56        2.95
10          81.80         +1        5.83        8.05          2          0          1        320        17    100.00        1.50        2.85      7.33       -4.15
11          89.86         -1        3.36        8.06          2          0          0        384        16    100.00        1.56        2.98      7.44        2.95
12          97.93         +1        6.00        8.07          2          0          0        448        17    100.00        1.55        3.09      7.20       -4.15
13         106.03         -1        3.33        8.10          2          0          1        505        16    100.00        1.50        2.96      8.27        2.95
14         114.11         +1        6.04        8.08          1          0          0        566        17    100.00        1.57        3.22      7.30       -4.15
15         122.19         -1        3.31        8.08          1          0          0        599        16    100.00        1.68        2.99      3.21        2.95
16         130.27          0        0.00        8.08          1          0          1        648        16    100.00        1.39        2.98      6.19       -1.45
17         138.30         -1        2.33        8.03          1          0          1        689        15    100.00        1.47        2.98      4.85        4.55
18         146.42         -1        2.35        8.12          1          0          0        727        14    100.00        1.36        2.95      4.32        6.15
19         154.50         -1        2.31        8.08          1          0          0        757        13    100.00        1.41        2.64      4.21        7.75
20         162.53         -1        2.28        8.03          1          2          0        802        12    100.00        1.60        3.04      6.34        9.35
21         170.57          0        0.00        8.05          0          0          0        842        12     97.50        1.86        3.76      4.24        4.13
22         178.67         +1        6.24        8.09          0          0          0        882        13    100.00        1.67        2.96      4.70        2.25
23         186.76         +1        6.25        8.10          0          0          1        923        14    100.00        1.32        2.75      5.42        0.65
24         194.97         +1        6.25        8.20          0          0          0        953        15    100.00        1.39        2.95      3.19       -0.95
25         203.04         +1        6.25        8.07          0          0          2        990        16    100.00        1.38        2.69      5.41       -2.55
26         211.14         +1        5.36        8.10          0          0          0       1037        17    100.00        1.62        2.99      5.82       -4.15
27         219.32         -1        1.30        8.18          0          0          0       1076        16    100.00        1.45        2.93      4.42        2.95
28         227.44         +1        6.35        8.13          0          0          0       1122        17    100.00        1.65        2.94      5.63       -4.15
29         235.80         -1        3.36        8.36          0          0          0       1140        16    100.00        1.77        2.98      1.11        8.95


[INFO] Episode finished at step 29


[3/3] Summary Statistics
----------------------------------------------------------------------
Total Steps:        29
Total Reward:       36.53
Mean Reward:        1.26 ± 4.02
Mean QoS Rate:      99.91%
Final QoS (tasks):  99.82%
Mean Workers:       15.0
Max Workers:        17.0
Scaling Actions:    24
No-op Actions:      5
======================================================================




======================================================================
EVALUATING SARSA (Episode 3/10)
[MODEL] Loaded SARSA agent from: rl/runs/sarsa_run_20251112_155138/models/sarsa_ep0060.pkl
======================================================================


[1/3] Resetting environment...
✓ Initial state: [ 3.   0.   0.   0.  12.   1.5  1.5  0.   1. ]
[2/3] Running up to 30 steps...
Step      Time[s]     Action  Scale_T[s]   Step_D[s]    Input_Q   Worker_Q   Result_Q   Output_Q   Workers    QoS[%]    AVG_T[s]    MAX_T[s]       ARR      Reward
1            9.02          0        0.00        8.18          3          0          0         13        12    100.00        1.21        2.12      2.71        4.95
2           17.02         +1        7.37        8.00          3          0          0         29        13    100.00        1.61        2.79      1.36        2.25
3           25.05          0        0.00        8.03          3          0          0         46        13    100.00        1.46        2.89      1.87        3.35
4           33.08         +1        7.50        8.03          3          0          0         63        14    100.00        1.36        2.46      2.36        0.65
5           41.16         +1        7.48        8.08          3          0          0         76        15    100.00        1.63        2.93      1.86       -0.95
6           49.20         +1        7.56        8.04          2          0          0        104        16    100.00        1.45        3.00      4.58       -2.55
7           58.10         +1        8.62        8.90          2          0          1        166        17    100.00        1.50        2.97      5.75       -4.15
8           66.15         -1        2.37        8.04          2          4          1        223        16     98.25        1.69        2.96      9.18        2.37
9           74.25          0        0.00        8.10          2          1          1        267        16     95.24        1.82        3.19      3.59       -3.02
10          82.31         +1        5.88        8.06          2          0          1        326        17    100.00        1.59        3.01      7.93       -4.15
11          90.36         -1        3.32        8.05          2          0          0        371        16    100.00        1.55        3.00      5.44        2.95
12          98.64         +1        8.02        8.28          2          1          0        438        17    100.00        1.54        2.99      9.07       -4.15
13         106.77         +1        7.07        8.13          2          0          1        490        18    100.00        1.61        3.14      5.43       -5.75
14         114.90         -1        3.41        8.13          1          0          1        558        17    100.00        1.54        2.92      8.48        1.35
15         123.02         -1        3.37        8.12          1          0          0        606        16    100.00        1.50        3.00      5.30        2.95
16         131.12         -1        3.35        8.09          1          0          0        645        15    100.00        1.54        2.77      5.04        4.55
17         139.15         -1        2.32        8.04          1          0          0        678        14    100.00        1.38        2.63      4.23        6.15
18         147.19         -1        3.35        8.03          1          0          1        715        13    100.00        1.52        2.92      4.61        7.75
19         155.22         -1        3.36        8.03          1          0          1        752        12    100.00        1.69        2.92      4.97        9.35
20         163.23         -1        3.36        8.01          1          0          0        793        11    100.00        1.33        3.00      4.37        9.35
21         171.29         +1        7.00        8.06          1          1          0        830        12    100.00        1.65        2.92      4.84        3.85
22         179.34          0        0.00        8.04          0          0          0        871        12    100.00        1.61        2.96      5.22        4.95
23         187.41          0        0.00        8.07          0          2          2        910        12    100.00        1.58        3.00      5.71        4.95
24         195.50         +1        6.05        8.09          0          0          1        947        13    100.00        1.56        2.97      3.33        2.25
25         203.54         +1        6.05        8.05          0          0          1        983        14    100.00        1.52        2.93      4.72        0.65
26         211.67         +1        7.18        8.13          0          0          0       1024        15    100.00        1.45        2.95      4.72       -0.95
27         219.82         +1        7.10        8.15          0          0          0       1080        16     98.21        1.54        3.16      6.62       -3.14
28         228.48         +1        8.21        8.66          0          0          4       1128        17    100.00        1.33        2.89      6.57       -4.15
29         236.89         -1        1.46        8.41          0          0          0       1140        16    100.00        2.40        2.97      0.00        8.95


[INFO] Episode finished at step 29


[3/3] Summary Statistics
----------------------------------------------------------------------
Total Steps:        29
Total Reward:       50.61
Mean Reward:        1.75 ± 4.35
Mean QoS Rate:      99.71%
Final QoS (tasks):  99.65%
Mean Workers:       14.7
Max Workers:        18.0
Scaling Actions:    24
No-op Actions:      5
======================================================================




======================================================================
EVALUATING SARSA (Episode 4/10)
[MODEL] Loaded SARSA agent from: rl/runs/sarsa_run_20251112_155138/models/sarsa_ep0060.pkl
======================================================================


[1/3] Resetting environment...
✓ Initial state: [ 3.   0.   0.   0.  12.   1.5  1.5  0.   1. ]
[2/3] Running up to 30 steps...
Step      Time[s]     Action  Scale_T[s]   Step_D[s]    Input_Q   Worker_Q   Result_Q   Output_Q   Workers    QoS[%]    AVG_T[s]    MAX_T[s]       ARR      Reward
1            8.97          0        0.00        8.01          3          0          0         15        12    100.00        1.35        2.92      2.12        4.95
2           16.97         +1        6.97        8.00          3          0          0         27        13    100.00        1.66        2.98      1.74        2.25
3           26.30         +1        9.10        9.32          3          0          0         40        14    100.00        1.34        2.02      1.18        0.65
4           34.33          0        0.00        8.03          3          0          0         62        14    100.00        1.79        2.89      2.61        1.75
5           43.51         +1        8.93        9.19          3          0          0         75        15    100.00        1.90        2.91      1.74       -0.95
6           51.62         +1        7.86        8.10          3          0          0         87        16    100.00        1.60        2.92      1.11       -2.55
7           59.66          0        0.00        8.04          2          1          0        129        16    100.00        1.63        3.35      6.84       -1.45
8           67.81         +1        6.96        8.14          2          0          1        196        17     92.54        1.95        3.89      7.69        4.59
9           76.06         +1        7.74        8.25          2          0          0        260        18    100.00        1.55        2.97      8.06       -5.75
10          84.16         -1        2.35        8.10          2          0          0        333        17     98.61        1.55        2.99      9.49        0.89
11          92.29         +1        6.74        8.13          2          0          2        386        18    100.00        1.54        3.23      6.43       -5.75
12         100.48         -1        3.37        8.19          2          0          0        463        17    100.00        1.40        3.00      9.24        1.35
13         108.57         -1        2.38        8.09          1          0          0        528        16    100.00        1.40        2.89      8.15        2.95
14         116.61         -1        2.37        8.05          1          0          0        582        15    100.00        1.66        3.04      5.46        4.55
15         124.65         -1        2.50        8.03          1          0          1        624        14    100.00        1.67        3.03      5.11        6.15
16         132.69         -1        3.38        8.05          1          1          1        655        13    100.00        1.66        2.93      4.34        7.75
17         140.86         -1        3.32        8.16          1          0          0        693        12    100.00        1.42        2.93      4.91        9.35
18         148.88         -1        2.43        8.02          1          0          1        731        11    100.00        1.47        2.94      4.36        9.35
19         156.88         +1        6.75        8.00          1          0          0        777        12    100.00        1.40        2.96      5.23        3.85
20         164.90         -1        3.33        8.01          1          0          1        814        11    100.00        1.56        2.95      5.24        9.35
21         173.00         +1        5.92        8.10          0          0          0        849        12    100.00        1.41        2.94      4.35        3.85
22         181.02          0        0.00        8.02          0          0          0        892        12    100.00        1.79        2.96      5.20        4.95
23         189.06          0        0.00        8.04          0          0          0        934        12     97.62        1.61        3.21      5.73        4.16
24         197.26         +1        7.92        8.20          0          0          0        980        13    100.00        1.55        2.98      4.88        2.25
25         205.43         +1        7.85        8.17          0          0          0       1016        14    100.00        1.56        2.83      4.66        0.65
26         213.52         +1        6.84        8.09          0          0          0       1068        15    100.00        1.62        3.03      6.29       -0.95
27         221.73         +1        7.91        8.21          0          0          0       1107        16    100.00        1.71        2.98      4.27       -2.55
28         230.11         +1        5.84        8.38          0          0          0       1140        17    100.00        1.68        3.07      3.83        1.85


[INFO] Episode finished at step 28


[3/3] Summary Statistics
----------------------------------------------------------------------
Total Steps:        28
Total Reward:       67.49
Mean Reward:        2.41 ± 4.00
Mean QoS Rate:      99.60%
Final QoS (tasks):  99.39%
Mean Workers:       14.4
Max Workers:        18.0
Scaling Actions:    23
No-op Actions:      5
======================================================================




======================================================================
EVALUATING SARSA (Episode 5/10)
[MODEL] Loaded SARSA agent from: rl/runs/sarsa_run_20251112_155138/models/sarsa_ep0060.pkl
======================================================================


[1/3] Resetting environment...
✓ Initial state: [ 3.   0.   0.   0.  12.   1.5  1.5  0.   1. ]
[2/3] Running up to 30 steps...
Step      Time[s]     Action  Scale_T[s]   Step_D[s]    Input_Q   Worker_Q   Result_Q   Output_Q   Workers    QoS[%]    AVG_T[s]    MAX_T[s]       ARR      Reward
1            8.90          0        0.00        8.02          3          0          0         10        12    100.00        1.42        2.33      1.50        4.95
2           18.26         +1        9.11        9.36          3          0          0         20        13    100.00        1.58        2.55      1.07        2.25
3           26.27          0        0.00        8.02          3          0          0         41        13    100.00        1.49        2.73      2.99        3.35
4           34.56         +1        8.01        8.29          3          0          0         50        14    100.00        1.65        2.99      0.97        0.65
5           42.63          0        0.00        8.06          3          0          0         80        14    100.00        1.33        2.68      4.21        1.75
6           50.67         +1        7.73        8.04          2          0          1        139        15    100.00        1.69        3.26      7.47       -0.95
7           58.72         +1        7.83        8.06          2          0          0        182        16    100.00        1.58        2.90      5.70       -2.55
8           66.85         +1        6.88        8.12          2          0          1        237        17    100.00        1.52        2.97      5.69       -4.15
9           75.04         -1        3.34        8.19          2         11          0        281        16    100.00        1.58        2.94      8.27        6.05
10          83.09         +1        6.80        8.04          2          0          0        374        17     86.02        2.02        3.92      9.30        2.44
11          91.17         +1        5.81        8.09          2          0          0        433        18    100.00        1.60        3.58      7.93       -5.75
12          99.25         -1        3.33        8.07          2          0          1        498        17    100.00        1.64        3.29      7.67        1.35
13         107.37         -1        3.33        8.12          1          0          0        567        16    100.00        1.38        3.05      8.14        2.95
14         115.44         -1        2.34        8.08          1          0          0        618        15    100.00        1.47        3.00      6.21        4.55
15         123.49         -1        3.43        8.04          1          0          0        645        14    100.00        1.73        3.00      3.83        6.15
16         131.58         -1        3.39        8.10          1          0          0        682        13    100.00        1.45        2.97      3.83        7.75
17         139.62         -1        3.33        8.03          1          0          0        716        12    100.00        1.57        3.00      4.61        9.35
18         147.78         -1        3.36        8.16          1          0          0        750        11    100.00        1.70        2.96      3.44        9.35
19         155.82         +1        7.10        8.04          1          0          0        776        12    100.00        1.61        2.86      4.22        3.85
20         163.84         -1        3.37        8.02          1          0          0        819        11    100.00        1.62        2.99      4.36        9.35
21         171.90         +1        6.16        8.06          0          0          0        847        12    100.00        1.49        2.98      3.86        3.85
22         179.95          0        0.00        8.05          0          0          0        884        12    100.00        1.39        2.99      4.21        4.95
23         187.97          0        0.00        8.02          0          0          0        909        12    100.00        1.72        2.95      3.99        4.95
24         196.01          0        0.00        8.03          0          0          2        949        12    100.00        1.55        2.93      5.22        4.95
25         204.05          0        0.00        8.05          0          0          0        990        12    100.00        1.55        2.91      4.61        4.95
26         212.08          0        0.00        8.03          0          2          0       1035        12    100.00        1.78        3.10      6.48        4.95
27         220.85         +1        8.47        8.77          0          3          0       1068        13    100.00        1.57        3.05      3.99        2.25
28         228.89         +1        7.77        8.04          0          0          0       1121        14    100.00        1.65        2.97      5.72        0.65
29         237.27         +1        5.95        8.37          0          0          0       1140        15    100.00        1.74        2.99      1.24        5.05


[INFO] Episode finished at step 29


[3/3] Summary Statistics
----------------------------------------------------------------------
Total Steps:        29
Total Reward:       99.24
Mean Reward:        3.42 ± 3.62
Mean QoS Rate:      99.52%
Final QoS (tasks):  98.86%
Mean Workers:       13.8
Max Workers:        18.0
Scaling Actions:    21
No-op Actions:      8
======================================================================




======================================================================
EVALUATING SARSA (Episode 6/10)
[MODEL] Loaded SARSA agent from: rl/runs/sarsa_run_20251112_155138/models/sarsa_ep0060.pkl
======================================================================


[1/3] Resetting environment...
✓ Initial state: [ 3.   0.   0.   0.  12.   1.5  1.5  0.   1. ]
[2/3] Running up to 30 steps...
Step      Time[s]     Action  Scale_T[s]   Step_D[s]    Input_Q   Worker_Q   Result_Q   Output_Q   Workers    QoS[%]    AVG_T[s]    MAX_T[s]       ARR      Reward
1            9.07          0        0.00        8.09          3          0          0         15        12    100.00        1.52        2.97      2.33        4.95
2           18.47         +1        9.15        9.40          3          0          0         32        13    100.00        1.82        2.97      2.24        2.25
3           26.52         +1        6.98        8.05          3          0          0         50        14    100.00        1.57        2.74      1.49        0.65
4           34.53          0        0.00        8.01          3          0          0         61        14    100.00        1.56        2.89      1.49        1.75
5           42.59          0        0.00        8.06          3          0          0         80        14    100.00        1.68        2.98      2.12        1.75
6           50.64         +1        7.02        8.05          2          0          1        113        15    100.00        1.45        2.97      5.95       -0.95
7           58.72         +1        7.14        8.08          2          0          0        191        16    100.00        1.64        3.08      8.33       -2.55
8           66.78         +1        7.14        8.06          2          0          1        242        17    100.00        1.87        3.16      6.92       -4.15
9           74.85         -1        3.32        8.07          2          0          0        290        16    100.00        1.50        2.99      6.45        2.95
10          82.95         +1        6.30        8.10          2          0          1        357        17    100.00        1.60        3.11      7.40       -4.15
11          91.07         -1        3.42        8.12          2          1          0        399        16    100.00        1.36        2.91      5.80        2.95
12          99.20         +1        6.37        8.13          2          0          0        465        17    100.00        1.49        2.94      8.01       -4.15
13         107.33         -1        3.36        8.13          2          0          0        519        16    100.00        1.47        3.09      6.52        2.95
14         115.47         +1        6.15        8.14          1          0          0        566        17    100.00        1.45        3.00      5.27       -4.15
15         123.72         -1        3.38        8.25          1          0          0        584        16    100.00        1.43        2.88      1.94        2.95
16         131.80          0        0.00        8.08          1          0          0        627        16    100.00        1.59        2.89      5.31       -1.45
17         139.88         -1        3.32        8.08          1          0          0        648        15    100.00        1.67        2.98      3.22        4.55
18         147.93          0        0.00        8.05          1          0          1        693        15    100.00        1.63        2.94      5.71        0.15
19         155.98         -1        3.38        8.05          1          0          1        735        14    100.00        1.68        3.02      5.09        6.15
20         164.04         -1        3.35        8.06          1          0          0        777        13    100.00        1.57        2.92      4.59        7.75
21         172.15         -1        3.35        8.11          1          0          0        818        12    100.00        1.58        2.92      4.72        9.35
22         180.23         -1        3.48        8.07          0          0          0        849        11     96.77        1.44        2.98      4.91        8.29
23         188.33         +1        7.17        8.10          0          0          0        901        12    100.00        1.58        2.92      6.30        3.85
24         196.43          0        0.00        8.10          0          0          0        932        12    100.00        1.66        2.99      3.33        4.95
25         204.46         +1        6.20        8.03          0          0          0        979        13    100.00        1.61        2.99      5.61        2.25
26         212.58         +1        6.29        8.12          0          0          0       1026        14    100.00        1.42        2.99      6.19        0.65
27         220.91         +1        7.38        8.33          0          0          0       1065        15    100.00        1.55        2.61      4.23       -0.95
28         229.43         +1        8.24        8.52          0          0          0       1107        16    100.00        1.57        2.91      5.34       -2.55
29         237.66         +1        7.90        8.23          0          0          1       1137        17    100.00        1.51        2.37      3.28       -4.15
30         246.02         -1        3.38        8.36          0          0          0       1140        16    100.00        2.40        3.01      0.00        2.95


[INFO] Episode finished at step 30


[3/3] Summary Statistics
----------------------------------------------------------------------
Total Steps:        30
Total Reward:       44.84
Mean Reward:        1.49 ± 3.81
Mean QoS Rate:      99.89%
Final QoS (tasks):  99.91%
Mean Workers:       14.7
Max Workers:        17.0
Scaling Actions:    24
No-op Actions:      6
======================================================================




======================================================================
EVALUATING SARSA (Episode 7/10)
[MODEL] Loaded SARSA agent from: rl/runs/sarsa_run_20251112_155138/models/sarsa_ep0060.pkl
======================================================================


[1/3] Resetting environment...
✓ Initial state: [ 3.   0.   0.   0.  12.   1.5  1.5  0.   1. ]
[2/3] Running up to 30 steps...
Step      Time[s]     Action  Scale_T[s]   Step_D[s]    Input_Q   Worker_Q   Result_Q   Output_Q   Workers    QoS[%]    AVG_T[s]    MAX_T[s]       ARR      Reward
1            9.04          0        0.00        8.04          3          0          0         13        12    100.00        1.42        2.43      1.74        4.95
2           17.17         +1        6.99        8.13          3          1          0         33        13    100.00        1.46        2.72      3.56        2.25
3           25.24         +1        7.01        8.07          3          0          0         54        14    100.00        1.79        3.02      1.49        0.65
4           33.28          0        0.00        8.04          3          0          0         66        14    100.00        1.23        2.45      1.98        1.75
5           41.36         +1        7.20        8.08          3          0          1         78        15    100.00        1.37        2.13      1.12       -0.95
6           49.41          0        0.00        8.05          2          0          0         88        15    100.00        1.50        2.96      1.73        0.15
7           57.46         -1        2.38        8.04          2          7          0        151        14     90.32        1.87        3.44      9.57       -2.64
8           65.90         +1        8.09        8.44          2          1          0        224        15     95.52        2.16        5.06      7.90       -2.43
9           73.94         +1        6.79        8.04          2          1          0        295        16     95.77        1.78        3.57      9.23       -3.94
10          82.00         +1        6.86        8.06          2          0          0        351        17    100.00        1.60        3.34      5.22       -4.15
11          90.05         -1        3.41        8.05          2          0          0        403        16    100.00        1.60        2.96      6.71        2.95
12          98.10         +1        5.91        8.05          2          0          0        452        17    100.00        1.51        3.45      7.21       -4.15
13         106.20         -1        3.37        8.09          2          0          0        514        16     98.36        1.72        3.00      7.17        2.41
14         114.29         +1        5.92        8.09          1          0          0        549        17    100.00        1.67        2.92      4.08       -4.15
15         122.42         -1        3.31        8.14          1          0          1        585        16    100.00        1.65        2.91      3.71        2.95
16         130.50         -1        3.36        8.08          1          0          0        635        15    100.00        1.52        2.96      6.99        4.55
17         138.61         -1        2.44        8.11          1          0          1        664        14    100.00        1.77        2.98      3.34        6.15
18         146.72          0        0.00        8.11          1          2          0        701        14    100.00        1.59        3.01      4.94        1.75
19         154.78         -1        3.31        8.06          1          1          0        741        13    100.00        1.56        2.95      4.20        7.75
20         162.86         -1        3.35        8.08          1          0          0        759        12    100.00        1.56        2.94      2.23        9.35
21         170.95         +1        6.09        8.10          1          0          0        796        13    100.00        1.69        3.33      5.34        2.25
22         179.03         -1        3.32        8.07          0          1          0        837        12     97.56        1.73        2.94      5.45        8.55
23         187.67         +1        8.25        8.64          0          0          0        893        13    100.00        1.59        3.07      5.69        2.25
24         195.85         +1        6.67        8.18          0          1          0        926        14    100.00        1.57        2.95      4.01        0.65
25         203.94         -1        2.49        8.09          0          0          0        968        13    100.00        1.54        2.92      5.06        7.75
26         212.05         +1        6.54        8.11          0          0          0       1008        14    100.00        1.39        3.03      5.69        0.65
27         220.14         +1        6.58        8.09          0          0          0       1049        15    100.00        1.49        2.91      3.94       -0.95
28         228.23         +1        7.64        8.09          0          0          0       1099        16    100.00        1.89        3.37      6.92       -2.55
29         236.33         +1        6.77        8.09          0          0          0       1135        17    100.00        1.52        3.00      4.08       -4.15
30         244.68         -1        2.59        8.36          0          0          0       1140        16    100.00        1.66        2.27      0.00        2.95


[INFO] Episode finished at step 30


[3/3] Summary Statistics
----------------------------------------------------------------------
Total Steps:        30
Total Reward:       42.59
Mean Reward:        1.42 ± 3.93
Mean QoS Rate:      99.25%
Final QoS (tasks):  98.60%
Mean Workers:       14.6
Max Workers:        17.0
Scaling Actions:    26
No-op Actions:      4
======================================================================




======================================================================
EVALUATING SARSA (Episode 8/10)
[MODEL] Loaded SARSA agent from: rl/runs/sarsa_run_20251112_155138/models/sarsa_ep0060.pkl
======================================================================


[1/3] Resetting environment...
✓ Initial state: [ 3.   0.   0.   0.  12.   1.5  1.5  0.   1. ]
[2/3] Running up to 30 steps...
Step      Time[s]     Action  Scale_T[s]   Step_D[s]    Input_Q   Worker_Q   Result_Q   Output_Q   Workers    QoS[%]    AVG_T[s]    MAX_T[s]       ARR      Reward
1            8.92          0        0.00        8.02          3          0          0          8        12    100.00        1.11        1.87      1.49        4.95
2           18.43         +1        9.09        9.51          3          0          0         29        13    100.00        1.53        2.40      2.23        2.25
3           26.44         +1        6.71        8.01          3          0          0         46        14    100.00        1.67        2.99      2.47        0.65
4           34.54         +1        7.81        8.09          3          0          0         65        15    100.00        1.59        2.93      1.62       -0.95
5           42.66         +1        6.92        8.13          3          0          0         71        16    100.00        1.43        2.34      0.86       -2.55
6           50.70          0        0.00        8.04          2          0          1         88        16    100.00        1.21        2.17      2.60       -1.45
7           58.73         -1        2.38        8.03          2          0          0        142        15    100.00        1.49        2.97      5.97        4.55
8           66.79         +1        6.88        8.06          2          0          0        153        16    100.00        1.59        2.83      1.49       -2.55
9           75.08         +1        7.90        8.29          2          0          1        205        17    100.00        1.47        3.02      7.04       -4.15
10          83.18         -1        2.27        8.10          2          0          0        268        16    100.00        1.62        3.04      7.97        2.95
11          91.29         +1        6.72        8.11          2          0          0        329        17    100.00        1.52        2.96      7.79       -4.15
12          99.35         -1        3.29        8.06          2          0          0        410        16    100.00        1.62        3.26      9.27        2.95
13         107.43         +1        5.71        8.08          2          0          0        453        17    100.00        1.40        2.97      5.19       -4.15
14         115.50         -1        3.35        8.07          2          8          0        509        16    100.00        1.55        2.93      9.44        6.05
15         123.67         +1        6.79        8.18          1          0          0        566        17     96.43        1.67        3.48      4.28       -5.33
16         131.76          0        0.00        8.09          1          0          0        592        17    100.00        1.60        2.93      3.96       -3.05
17         139.89         -1        3.31        8.12          1          0          0        652        16     98.33        1.54        2.99      6.75        2.40
18         148.01          0        0.00        8.12          1          1          0        686        16    100.00        1.58        2.91      4.95       -1.45
19         156.18         -1        1.35        8.18          1          0          0        729        15    100.00        1.54        2.97      4.51        4.55
20         164.25         -1        1.34        8.07          1          1          0        761        14    100.00        1.53        2.99      4.57        6.15
21         172.31         -1        2.35        8.05          1          0          0        804        13    100.00        1.56        3.00      4.85        7.75
22         180.46         -1        3.32        8.16          0          1          1        838        12     96.88        1.37        2.98      4.67        8.32
23         188.63         +1        7.56        8.17          0          1          1        887        13    100.00        1.47        3.14      6.01        2.25
24         196.68         -1        1.55        8.05          0          0          0        926        12    100.00        1.68        3.01      4.70        9.35
25         204.69          0        0.00        8.02          0          0          0        979        12    100.00        1.54        3.05      6.98        4.95
26         212.73          0        0.00        8.03          0          0          0       1016        12    100.00        1.60        3.29      4.61        4.95
27         220.76          0        0.00        8.03          0          0          0       1058        12    100.00        1.45        2.85      4.97        4.95
28         228.88          0        0.00        8.12          0          0          1       1110        12     92.16        1.76        3.38      6.30       -0.94
29         237.31         +1        6.69        8.43          0          0          0       1140        13    100.00        1.65        3.03      2.83        8.25


[INFO] Episode finished at step 29


[3/3] Summary Statistics
----------------------------------------------------------------------
Total Steps:        29
Total Reward:       57.50
Mean Reward:        1.98 ± 4.26
Mean QoS Rate:      99.44%
Final QoS (tasks):  99.30%
Mean Workers:       14.6
Max Workers:        17.0
Scaling Actions:    21
No-op Actions:      8
======================================================================




======================================================================
EVALUATING SARSA (Episode 9/10)
[MODEL] Loaded SARSA agent from: rl/runs/sarsa_run_20251112_155138/models/sarsa_ep0060.pkl
======================================================================


[1/3] Resetting environment...
✓ Initial state: [ 3.   0.   0.   0.  12.   1.5  1.5  0.   1. ]
[2/3] Running up to 30 steps...
Step      Time[s]     Action  Scale_T[s]   Step_D[s]    Input_Q   Worker_Q   Result_Q   Output_Q   Workers    QoS[%]    AVG_T[s]    MAX_T[s]       ARR      Reward
1            9.14          0        0.00        8.14          3          0          0          6        12    100.00        1.25        1.96      1.47        4.95
2           17.14         +1        7.32        8.00          3          0          0         27        13    100.00        1.84        2.95      1.99        2.25
3           25.16         +1        7.45        8.02          3          0          0         39        14    100.00        1.23        2.75      1.75        0.65
4           33.24         +1        7.50        8.08          3          0          0         55        15    100.00        1.17        2.30      1.74       -0.95
5           41.28         +1        7.57        8.04          3          0          0         63        16    100.00        1.47        3.00      0.99       -2.55
6           49.40          0        0.00        8.12          3          0          0         85        16    100.00        1.41        2.76      2.85       -1.45
7           57.47         +1        7.49        8.07          2          3          0        142        17    100.00        1.53        2.95      9.26       -4.15
8           65.55          0        0.00        8.08          2          0          0        203        17    100.00        1.81        3.21      5.83       -3.05
9           73.65         -1        2.41        8.10          2          0          0        267        16    100.00        1.74        3.04      9.03        2.95
10          81.77         +1        7.53        8.12          2          0          0        323        17    100.00        1.49        3.00      5.29       -4.15
11          89.83         -1        1.37        8.06          2          8          0        384        16     98.36        2.01        3.63     10.26        5.51
12          97.95         +1        6.57        8.13          2          0          0        471        17     82.56        2.10        4.15      8.48        1.29
13         106.05         +1        6.68        8.10          1          1          1        531        18     98.33        1.73        3.02      7.78       -6.30
14         114.17         +1        6.71        8.12          1          0          0        558        19    100.00        1.75        3.16      2.47       -7.35
15         122.27         -1        2.34        8.09          1          0          0        586        18    100.00        1.57        2.98      3.71       -0.25
16         130.37         -1        2.42        8.10          1          0          0        619        17    100.00        1.68        3.02      4.56        1.35
17         138.42         -1        2.36        8.06          1          1          0        654        16    100.00        1.39        2.76      4.34        2.95
18         146.58         -1        1.41        8.15          1          0          1        692        15    100.00        1.56        2.96      5.41        4.55
19         154.63         -1        1.35        8.05          1          0          0        729        14    100.00        1.39        2.90      4.33        6.15
20         162.66         -1        3.41        8.03          1          0          0        776        13    100.00        1.58        2.98      5.23        7.75
21         170.81         -1        3.31        8.14          1          0          0        813        12    100.00        1.56        3.00      4.32        9.35
22         178.89         -1        4.38        8.08          0          1          0        864        11    100.00        1.59        3.02      7.03        9.35
23         186.90         +1        6.70        8.01          0          1          1        903        12     97.44        1.79        3.34      4.85        3.00
24         194.96         +1        5.81        8.06          0          0          0        955        13    100.00        1.55        2.93      5.86        2.25
25         203.11         +1        7.83        8.15          0          0          1        982        14    100.00        1.49        3.00      3.82        0.65
26         211.27         +1        7.85        8.16          0          0          0       1028        15    100.00        1.60        2.97      4.63       -0.95
27         219.41         +1        6.83        8.14          0          0          1       1062        16    100.00        1.20        2.17      5.05       -2.55
28         227.60         +1        7.09        8.19          0          0          0       1098        17    100.00        1.54        3.02      4.40       -4.15
29         235.74         -1        3.38        8.14          0          0          0       1133        16    100.00        1.35        3.00      4.06        2.95
30         244.14         +1        6.67        8.40          0          0          0       1140        17    100.00        1.94        2.09      0.00       -4.15


[INFO] Episode finished at step 30


[3/3] Summary Statistics
----------------------------------------------------------------------
Total Steps:        30
Total Reward:       25.91
Mean Reward:        0.86 ± 4.34
Mean QoS Rate:      99.22%
Final QoS (tasks):  98.42%
Mean Workers:       15.3
Max Workers:        19.0
Scaling Actions:    27
No-op Actions:      3
======================================================================




======================================================================
EVALUATING SARSA (Episode 10/10)
[MODEL] Loaded SARSA agent from: rl/runs/sarsa_run_20251112_155138/models/sarsa_ep0060.pkl
======================================================================


[1/3] Resetting environment...
✓ Initial state: [ 3.   0.   0.   0.  12.   1.5  1.5  0.   1. ]
[2/3] Running up to 30 steps...
Step      Time[s]     Action  Scale_T[s]   Step_D[s]    Input_Q   Worker_Q   Result_Q   Output_Q   Workers    QoS[%]    AVG_T[s]    MAX_T[s]       ARR      Reward
1            9.14          0        0.00        8.20          3          0          0         13        12    100.00        1.14        1.79      2.06        4.95
2           18.35         +1        8.96        9.21          3          0          0         36        13    100.00        1.62        2.75      2.17        2.25
3           26.39         +1        6.78        8.04          3          1          0         50        14    100.00        1.35        2.26      1.87        0.65
4           34.45          0        0.00        8.06          3          0          0         62        14    100.00        1.39        2.95      1.86        1.75
5           42.52         +1        6.88        8.07          3          0          1         85        15    100.00        1.36        2.95      2.72       -0.95
6           51.94         +1        9.11        9.43          2          0          0        127        16    100.00        1.65        3.27      5.01       -2.55
7           67.76         +1       14.76       15.82          2          0          0        222        17    100.00        1.65        3.30      6.09       -4.15
8           76.27         -1        3.15        8.50          2          0          0        280        16    100.00        1.66        3.06      7.21        2.95
9           84.31         +1        5.85        8.04          2          4          0        334        17    100.00        1.44        2.98      7.59       -4.15
10          92.43          0        0.00        8.12          2          0          0        417        17     98.78        1.75        3.34      8.99       -3.45
11         100.49         +1        5.95        8.05          2          0          0        481        18     95.31        1.74        3.29      8.19       -7.30
12         109.69         +1        7.45        9.20          1          0          0        548        19    100.00        1.51        3.22      6.36       -7.35
13         118.59         -1        3.31        8.90          1          0          0        600        18    100.00        1.67        2.95      6.38       -0.25
14         126.70         -1        3.43        8.11          1          0          0        644        17    100.00        1.54        2.93      4.68        1.35
15         134.78         -1        3.34        8.08          1          0          0        674        16    100.00        1.57        2.94      4.44        2.95
16         142.94         -1        3.43        8.16          1          0          1        722        15    100.00        1.61        3.01      5.91        4.55
17         151.00         -1        2.35        8.06          1          0          0        753        14    100.00        1.57        2.96      4.20        6.15
18         159.05         -1        3.38        8.05          1          0          1        800        13    100.00        1.85        2.97      5.33        7.75
19         167.37         -1        4.53        8.32          0          0          0        848        12     97.87        1.90        3.58      5.77        8.65
20         181.10         +1       13.34       13.73          0          0          0        921        13    100.00        1.57        2.98      5.34        2.25
21         189.17         +1        6.63        8.07          0          0          0        958        14    100.00        1.54        2.90      4.45        0.65
22         197.30         +1        6.64        8.13          0          0          0       1002        15    100.00        1.69        2.95      5.05       -0.95
23         205.49         +1        6.67        8.19          0          0          2       1037        16    100.00        1.49        2.99      4.87       -2.55
24         213.67         +1        6.62        8.17          0          0          1       1067        17    100.00        1.51        2.94      3.44       -4.15
25         221.81         -1        2.37        8.14          0          0          0       1100        16    100.00        1.50        2.98      4.04        2.95
26         230.22         +1        6.53        8.41          0          0          0       1140        17    100.00        1.47        2.93      4.06        1.85


[INFO] Episode finished at step 26


[3/3] Summary Statistics
----------------------------------------------------------------------
Total Steps:        26
Total Reward:       13.85
Mean Reward:        0.53 ± 4.12
Mean QoS Rate:      99.69%
Final QoS (tasks):  99.47%
Mean Workers:       15.4
Max Workers:        19.0
Scaling Actions:    23
No-op Actions:      3
======================================================================


[INFO] Reusing cached reactive baseline results from runs/comparison/compare_20251112_114906/aggregated_results.json
[INFO] Using cached results for ReactiveAverage (source: runs/comparison/compare_20251112_114906/aggregated_results.json)
[INFO] Using cached results for ReactiveMaximum (source: runs/comparison/compare_20251112_114906/aggregated_results.json)
[SUMMARY] SARSA
  - Total Reward: 46.59 ± 23.10
  - Mean Reward: 1.61 ± 0.80
  - Final QoS (tasks): 99.20% ± 0.52%
  - Mean QoS Rate: 99.54% ± 0.26%
  - Mean Workers: 14.78 ± 0.49
  - Max Workers: 17.80 ± 0.75
  - Scaling Actions: 24.00 ± 2.05
  - No-op Actions: 4.90 ± 1.92
[SUMMARY] ReactiveAverage
  - Total Reward: -10889.87 ± 7828.52
  - Mean Reward: -370.13 ± 265.26
  - Final QoS (tasks): 50.87% ± 4.38%
  - Mean QoS Rate: 63.93% ± 3.14%
  - Mean Workers: 10.79 ± 0.31
  - Max Workers: 16.60 ± 0.66
  - Scaling Actions: 28.40 ± 0.92
  - No-op Actions: 1.00 ± 1.00
[SUMMARY] ReactiveMaximum
  - Total Reward: -3327.77 ± 3448.80
  - Mean Reward: -114.75 ± 115.08
  - Final QoS (tasks): 65.61% ± 14.26%
  - Mean QoS Rate: 76.35% ± 10.02%
  - Mean Workers: 13.92 ± 0.68
  - Max Workers: 18.80 ± 0.40
  - Scaling Actions: 26.80 ± 1.25
  - No-op Actions: 1.70 ± 0.78
[INFO] Aggregated results saved to runs/comparison/compare_20251113_101940/aggregated_results.json
[PLOT] Saved comparison to runs/comparison/compare_20251113_101940/comparison_plots.png
