[INFO] Comparison output directory: runs/comparison/compare_20251103_000345
[INFO] Log file: runs/comparison/compare_20251103_000345/comparison.log

======================================================================
EVALUATING SARSA (Episode 1/1)
======================================================================

[1/3] Resetting environment...
✓ Initial state: [ 3.   0.   0.   0.  12.   1.5  1.5  5.   1. ]

[2/3] Running up to 40 steps...
Step       Time Action    Scale_T   Step_D  Input_Q Worker_Q Result_Q Output_Q  Workers      QoS    AVG_T    MAX_T     ARR.     Reward
1         8.68s -1          3.23s    7.96s        3        0        0       14       11 100.00%    1.34s    2.95s     1.75      -4.52
2        16.61s 0           0.00s    7.94s        3        0        1       27       11 100.00%    1.63s    2.99s     1.62      -1.52
3        24.53s 0           0.00s    7.92s        3        0        0       36       11 100.00%    1.53s    2.97s     1.12      -1.52
4        32.46s 0           0.00s    7.93s        3        0        0       53       11 100.00%    1.59s    2.91s     2.12      -1.52
5        40.38s 0           0.00s    7.92s        3        0        0       64       11 100.00%    1.74s    2.92s     1.38      -1.52
6        48.36s 0           0.00s    7.99s        3        0        0       86       11 100.00%    1.56s    2.99s     2.75      -1.52
7        56.38s 0           0.00s    8.01s        2        6        0      127       11 100.00%    1.66s    2.97s     5.12      -0.12
8        64.36s 0           0.00s    7.99s        2        0        0      187       11  85.00%    2.12s    3.71s     7.50      -3.32
9        72.32s -1          2.19s    7.96s        2       18        0      236       10  91.84%    2.05s    3.62s     6.12      -5.26
10       80.26s 0           0.00s    7.94s        2        3        1      295       10  20.00%    3.96s    5.77s     7.50      -9.38
11       88.20s +1          6.42s    7.94s        2       20        0      343       11  81.25%    2.01s    5.98s     6.00      -6.77
12       96.18s +1          6.52s    7.98s        2        7        1      403       12  16.67%    3.82s    6.39s     7.50     -13.27
13      104.15s +1          7.58s    7.97s        2        2        0      458       13  80.00%    2.17s    4.50s     6.88      -5.22
14      112.15s -1          3.21s    8.00s        2        3        0      519       12 100.00%    1.66s    3.15s     7.75      -2.87
15      120.11s 0           0.00s    7.96s        1        0        0      563       12  97.73%    1.68s    3.11s     5.50      -1.84
16      128.11s 0           0.00s    8.00s        1        1        0      614       12 100.00%    1.67s    2.96s     6.38      -1.67
17      136.18s 0           0.00s    8.07s        1        0        0      661       12 100.00%    1.54s    3.02s     5.88      -1.57
18      144.12s 0           0.00s    7.94s        1        0        0      696       12 100.00%    1.57s    3.03s     4.38      -1.57
19      152.09s 0           0.00s    7.97s        1        0        0      727       12 100.00%    1.49s    2.93s     3.88      -1.57
20      160.04s 0           0.00s    7.94s        1        0        2      776       12 100.00%    1.35s    2.89s     6.25      -1.57
21      168.00s 0           0.00s    7.96s        1        0        0      825       12 100.00%    1.59s    3.28s     6.12      -1.57
22      175.95s 0           0.00s    7.94s        0        1        1      877       12  98.08%    1.42s    2.95s     6.50      -1.90
23      183.89s 0           0.00s    7.95s        0        0        0      930       12  98.21%    1.80s    3.53s     7.00      -1.79
24      191.84s 0           0.00s    7.95s        0        0        1      956       12 100.00%    1.66s    3.53s     3.38      -1.57
25      199.81s +1          7.61s    7.97s        0        0        1      992       13 100.00%    1.53s    2.96s     4.50      -4.62
26      207.76s 0           0.00s    7.95s        0        0        0     1034       13 100.00%    1.42s    2.84s     5.25      -1.62
27      215.75s 0           0.00s    7.98s        0        0        0     1066       13 100.00%    1.66s    2.96s     4.00      -1.62
28      223.70s 0           0.00s    7.95s        0        0        1     1108       13  97.62%    1.48s    2.89s     5.25      -1.91
29      231.67s 0           0.00s    7.97s        0        0        0     1136       13 100.00%    1.43s    2.96s     3.50      -1.62
30      239.63s 0           0.00s    7.96s        0        0        0     1140       13 100.00%    2.58s    2.93s     0.50      -1.62

[INFO] Episode finished at step 30

[3/3] Summary Statistics
----------------------------------------------------------------------
Total Steps:        30
Total Reward:       -88.01
Mean Reward:        -2.93 ± 2.72
Mean QoS Rate:      92.21%
Mean Workers:       11.8
Scaling Actions:    7
No-op Actions:      23
======================================================================


======================================================================
EVALUATING REACTIVE AVERAGE
======================================================================

[1/3] Resetting environment...
✓ Initial state: [ 3.   0.   0.   0.  12.   1.5  1.5  5.   1. ]

[2/3] Running up to 40 steps...
Step       Time Action    Scale_T   Step_D  Input_Q Worker_Q Result_Q Output_Q  Workers      QoS    AVG_T    MAX_T     ARR.     Reward
1         8.68s -1          2.19s    7.96s        3        0        0        7       11 100.00%    1.56s    2.43s     0.88      -4.52
2        16.64s -1          2.20s    7.96s        3        0        1       27       10 100.00%    1.69s    2.92s     2.62      -4.48
3        24.59s -1          2.21s    7.95s        3        0        0       52        9 100.00%    1.65s    2.94s     3.12      -4.43
4        32.54s -1          2.19s    7.95s        3        1        0       62        8 100.00%    1.90s    3.02s     1.25      -4.48
5        40.45s -1          2.18s    7.92s        3        0        0       83        7 100.00%    1.82s    2.96s     2.62      -4.33
6        48.39s -1          2.19s    7.93s        2       47        0      112        6  51.72%    3.11s    5.07s     3.62     -12.78
7        56.31s +1          6.33s    7.93s        2       73        0      142        7   0.00%    7.67s   10.04s     3.75     -21.63
8        64.28s +1          5.48s    7.97s        2       81        0      180        8   0.00%   12.49s   14.42s     4.75     -22.48
9        72.22s +1          5.54s    7.94s        2       95        0      220        9   0.00%   14.96s   17.06s     5.00     -23.93
10       80.13s +1          5.65s    7.91s        2       92        0      273       10   0.00%   15.63s   17.51s     6.62     -23.68
11       88.10s +1          4.78s    7.96s        2       96        0      328       11   0.00%   15.57s   17.60s     6.88     -24.12
12       96.06s +1          4.91s    7.97s        2       88        0      389       12   0.00%   15.14s   17.47s     7.62     -23.37
13      104.02s +1          4.96s    7.96s        1       83        0      457       13   0.00%   13.36s   15.23s     8.50     -22.92
14      111.97s +1          5.09s    7.95s        1       36        1      530       14   0.00%   12.67s   15.60s     9.25     -18.27
15      119.93s +1          5.21s    7.96s        1        0        0      605       15  14.67%    7.75s   12.91s     9.38     -14.96
16      127.93s +1          5.29s    8.00s        1        0        1      658       16 100.00%    1.52s    3.57s     6.62      -4.77
17      135.93s -1          2.18s    8.00s        1        0        0      716       15 100.00%    1.41s    2.94s     7.25      -4.72
18      143.93s -1          3.21s    8.01s        1        0        0      757       14 100.00%    1.52s    2.98s     5.12      -4.67
19      151.93s -1          3.19s    7.99s        1        2        0      808       13 100.00%    1.55s    2.98s     6.38      -2.82
20      159.94s -1          3.19s    8.01s        0        0        0      848       12 100.00%    1.72s    2.95s     5.00      -4.57
21      167.92s -1          3.19s    7.98s        0        0        1      888       11 100.00%    1.59s    2.99s     5.00      -4.52
22      175.89s -1          3.20s    7.97s        0        0        0      936       10  97.92%    1.35s    3.21s     6.00      -4.73
23      183.86s -1          2.18s    7.96s        0        0        0      979        9  93.02%    2.09s    3.46s     5.38      -5.26
24      191.83s +1          7.75s    7.97s        0        0        0     1019       10 100.00%    2.01s    4.17s     5.00      -4.48
25      199.79s 0           0.00s    7.96s        0        0        0     1050       10 100.00%    1.64s    2.97s     3.88      -1.48
26      207.76s -1          2.19s    7.97s        0        0        0     1080        9  93.33%    1.51s    2.88s     3.75      -5.23
27      215.71s -1          2.19s    7.95s        0        7        0     1118        8  91.89%    1.91s    3.59s     4.62      -4.05
28      223.67s +1          7.11s    7.96s        0        0        0     1140        9  39.13%    3.41s    4.61s     2.88     -11.73

[3/3] Summary Statistics
----------------------------------------------------------------------
Total Steps:        28
Total Reward:       -293.39
Mean Reward:        -10.48 ± 8.18
Mean QoS Rate:      63.63%
Mean Workers:       10.6
Scaling Actions:    27
No-op Actions:      1
======================================================================

======================================================================
EVALUATING REACTIVE MAXIMUM
======================================================================

[1/3] Resetting environment...
✓ Initial state: [ 3.   0.   0.   0.  12.   1.5  1.5  5.   1. ]

[2/3] Running up to 40 steps...
Step       Time Action    Scale_T   Step_D  Input_Q Worker_Q Result_Q Output_Q  Workers      QoS    AVG_T    MAX_T     ARR.     Reward
1         8.65s -1          1.18s    7.93s        3        0        0       13       11 100.00%    1.40s    2.71s     1.62      -4.52
2        16.58s -1          2.18s    7.93s        3        0        1       28       10 100.00%    1.35s    2.76s     1.88      -4.48
3        24.52s -1          2.19s    7.94s        3        0        0       38        9 100.00%    1.33s    2.49s     1.25      -4.43
4        32.46s -1          2.18s    7.94s        3        0        0       49        8 100.00%    1.62s    2.94s     1.38      -4.38
5        40.40s -1          1.20s    7.94s        3        0        0       59        7 100.00%    1.52s    2.88s     1.25      -4.33
6        48.30s -1          3.19s    7.89s        3        0        0       75        6 100.00%    1.61s    2.70s     2.12      -4.28
7        56.20s 0           0.00s    7.90s        2        0        0       89        6 100.00%    1.51s    2.81s     1.75      -1.28
8        64.09s -1          2.19s    7.89s        2       34        1      113        5  60.00%    2.68s    4.45s     3.12     -10.43
9        72.08s +1          7.89s    7.99s        2       64        0      143        6   0.00%    7.10s   10.02s     3.75     -20.68
10       80.01s +1          4.94s    7.93s        2       78        0      176        7   0.00%   11.35s   13.78s     4.25     -22.13
11       87.93s +1          5.07s    7.92s        2       97        0      219        8   0.00%   13.82s   16.26s     5.50     -24.08
12       95.90s +1          5.20s    7.97s        2      105        1      266        9   0.00%   14.13s   15.87s     5.88     -24.93
13      103.86s +1          5.28s    7.95s        2      112        0      317       10   0.00%   16.17s   18.42s     6.38     -25.68
14      111.84s +1          5.33s    7.99s        2      111        0      377       11   0.00%   16.87s   18.42s     7.50     -25.62
15      119.81s +1          5.44s    7.97s        1       98        0      438       12   0.00%   16.18s   18.70s     7.75     -24.37
16      127.79s +1          5.54s    7.98s        1       69        1      507       13   0.00%   15.45s   17.75s     8.62     -21.52
17      135.78s +1          5.65s    7.99s        1       34        1      586       14   0.00%   12.27s   16.72s     9.88     -18.07
18      143.76s +1          6.66s    7.97s        1        0        0      653       15  19.12%    6.07s    9.96s     8.50     -14.42
19      151.76s +1          5.80s    8.01s        1        0        0      696       16 100.00%    1.44s    2.97s     5.38      -4.77
20      159.76s 0           0.00s    7.99s        1        0        0      746       16 100.00%    1.59s    2.94s     6.25      -1.77
21      167.77s +1          6.87s    8.01s        1        0        0      787       17 100.00%    1.88s    3.01s     5.12      -4.81
22      175.77s -1          2.20s    8.01s        1        0        1      822       16 100.00%    1.40s    2.93s     4.38      -4.77
23      183.78s -1          1.22s    8.01s        0        0        2      870       15 100.00%    1.49s    3.00s     5.75      -4.72
24      191.82s +1          6.96s    8.04s        0        0        0      910       16 100.00%    1.66s    2.92s     5.00      -4.77
25      199.88s -1          2.22s    8.06s        0        0        0      937       15 100.00%    1.50s    2.94s     3.12      -4.72
26      207.93s -1          2.23s    8.05s        0        0        0      974       14 100.00%    1.49s    2.97s     4.62      -4.67
27      215.94s 0           0.00s    8.01s        0        0        0     1023       14 100.00%    1.47s    2.91s     6.12      -1.67
28      223.91s +1          6.10s    7.97s        0        0        1     1064       15 100.00%    1.60s    2.91s     5.12      -4.72
29      231.89s 0           0.00s    7.98s        0        0        0     1098       15 100.00%    1.64s    2.95s     4.25      -1.72
30      239.86s -1          2.27s    7.98s        0        0        0     1132       14 100.00%    1.65s    2.96s     4.25      -4.67
31      247.83s -1          2.20s    7.97s        0        0        0     1140       13 100.00%    1.82s    2.73s     1.00      -4.62

[3/3] Summary Statistics
----------------------------------------------------------------------
Total Steps:        31
Total Reward:       -312.01
Mean Reward:        -10.06 ± 8.70
Mean QoS Rate:      67.07%
Mean Workers:       11.7
Scaling Actions:    27
No-op Actions:      4
======================================================================
[SUMMARY] SARSA: total_reward=-88.01, mean_qos=92.21%, mean_workers=11.80
[SUMMARY] ReactiveAverage: total_reward=-293.39, mean_qos=63.63%, mean_workers=10.57
[SUMMARY] ReactiveMaximum: total_reward=-312.01, mean_qos=67.07%, mean_workers=11.71
[PLOT] Saved comparison to runs/comparison/compare_20251103_000345/single_episode_comparison.png
