[INFO] Comparison output directory: runs/comparison/compare_20251119_112155
[INFO] Log file: runs/comparison/compare_20251119_112155/comparison.log
[ARGS] agents=['DQN', 'SARSA', 'ReactiveAverage', 'ReactiveMaximum'] baseline_cache=runs/comparison/compare_with_baselines/compare_20251113_101940 dqn_model=rl/runs/dqn_run_20251119_005848/models/dqn_ep0030.pt episodes=10 initial_workers=12 input_dir=None max_steps=30 model=None output_dir=runs/comparison phase_shuffle=False phase_shuffle_seed=42 plot_only=False sarsa_cache=runs/comparison/compare_with_baselines/compare_20251113_101940 seed=42 step_duration=8 task_seed=42
[INFO] Reusing cached SARSA results from runs/comparison/compare_with_baselines/compare_20251113_101940/aggregated_results.json
[INFO] Reusing cached reactive baseline results from runs/comparison/compare_with_baselines/compare_20251113_101940/aggregated_results.json
[INFO] Using cached results for ReactiveAverage (source: runs/comparison/compare_with_baselines/compare_20251113_101940/aggregated_results.json)
[INFO] Using cached results for ReactiveMaximum (source: runs/comparison/compare_with_baselines/compare_20251113_101940/aggregated_results.json)


======================================================================
EVALUATING DQN (Episode 1/10)
======================================================================


[1/3] Resetting environment...
✓ Initial state: [ 3.   0.   0.   0.  12.   1.5  1.5  0.   1. ]
[2/3] Running up to 30 steps...
Step      Time[s]     Action  Scale_T[s]   Step_D[s]    Input_Q   Worker_Q   Result_Q   Output_Q   Workers    QoS[%]    AVG_T[s]    MAX_T[s]       ARR      Reward
1            8.72          0        0.00        7.98          3          0          0         13        12    100.00        1.11        1.69      2.13        5.40
2           16.72          0        0.00        8.00          3          0          0         28        12    100.00        1.95        2.88      1.50        5.40
3           24.82          0        0.00        8.10          3          0          0         41        12    100.00        1.55        2.95      1.63        5.40
4           32.78          0        0.00        7.96          3          0          0         50        12    100.00        1.85        2.97      1.24        5.40
5           40.76          0        0.00        7.98          3          0          0         69        12    100.00        1.89        2.94      2.38        5.40
6           48.74          0        0.00        7.98          3          0          0         80        12    100.00        1.40        2.56      1.63        5.40
7           56.73          0        0.00        7.99          2          0          0        124        12     95.45        1.70        3.28      6.38        3.76
8           64.69          0        0.00        7.97          2          9          0        192        12     91.18        1.84        3.33      9.79       -1.38
9           72.68         +1        6.10        7.98          2          2          1        257        13     78.46        2.47        4.22      7.52       -0.53
10          80.69         +1        5.19        8.01          2          6          2        326        14     68.12        2.42        4.05      9.38       -4.26
11          88.69         +1        5.22        8.01          2          0          1        398        15     56.94        2.96        5.26      7.62       -8.28
12          96.71         +1        5.25        8.02          2          0          0        470        16    100.00        1.49        3.52      9.34        5.22
13         104.73          0        0.00        8.01          2          0          0        531        16     98.36        1.68        2.85      6.99        4.71
14         112.75          0        0.00        8.02          1          0          0        567        16    100.00        1.76        2.97      4.24        5.30
15         120.78          0        0.00        8.03          1          1          3        610        16    100.00        1.46        2.95      5.85        5.30
16         128.81          0        0.00        8.03          1          0          1        656        16    100.00        1.49        2.91      5.11        5.30
17         136.82          0        0.00        8.01          1          0          0        706        16    100.00        1.47        2.83      5.62        5.30
18         144.84          0        0.00        8.02          1          0          0        749        16    100.00        1.51        3.01      5.99        5.30
19         152.87          0        0.00        8.03          1          0          1        788        16    100.00        1.63        2.98      4.49        5.30
20         160.89          0        0.00        8.02          1          0          0        824        16    100.00        1.73        2.94      5.35        5.30
21         168.95          0        0.00        8.05          0          0          2        862        16    100.00        1.63        2.98      4.22        5.30
22         176.97          0        0.00        8.02          0          0          0        906        16    100.00        1.56        2.95      5.10        5.30
23         185.01          0        0.00        8.03          0          0          0        935        16    100.00        1.42        2.88      4.37        5.30
24         193.06          0        0.00        8.05          0          0          0        994        16    100.00        1.54        3.00      8.07        5.30
25         201.10          0        0.00        8.04          0          0          1       1037        16    100.00        1.69        3.03      5.22        5.30
26         209.13          0        0.00        8.03          0          0          0       1072        16    100.00        1.57        2.96      4.23        5.30
27         217.15          0        0.00        8.03          0          0          1       1113        16    100.00        1.66        3.01      4.49        5.30
28         225.38          0        0.00        8.22          0          0          0       1140        16    100.00        1.43        3.00      2.36       13.30


[INFO] Episode finished at step 28


[3/3] Summary Statistics
----------------------------------------------------------------------
Total Steps:        28
Total Reward:       119.14
Mean Reward:        4.26 ± 3.73
Mean QoS Rate:      96.02%
Final QoS (tasks):  93.33%
Mean Workers:       14.6
Max Workers:        16.0
Scaling Actions:    4
No-op Actions:      24
======================================================================




======================================================================
EVALUATING DQN (Episode 2/10)
======================================================================


[1/3] Resetting environment...
✓ Initial state: [ 3.   0.   0.   0.  12.   1.5  1.5  0.   1. ]
[2/3] Running up to 30 steps...
Step      Time[s]     Action  Scale_T[s]   Step_D[s]    Input_Q   Worker_Q   Result_Q   Output_Q   Workers    QoS[%]    AVG_T[s]    MAX_T[s]       ARR      Reward
1            8.72          0        0.00        7.99          3          0          0         19        12    100.00        1.43        2.92      2.38        5.40
2           16.70          0        0.00        7.97          3          0          0         27        12    100.00        1.32        2.90      1.13        5.40
3           24.67          0        0.00        7.97          3          0          0         39        12    100.00        1.33        1.85      2.13        5.40
4           32.65          0        0.00        7.98          3          0          0         56        12    100.00        1.63        2.96      1.50        5.40
5           40.65          0        0.00        7.99          3          0          0         70        12    100.00        1.49        2.31      1.87        5.40
6           48.63          0        0.00        7.98          3          0          0         85        12    100.00        1.48        2.31      1.88        5.40
7           56.63          0        0.00        8.00          2          0          0        114        12    100.00        1.31        2.81      4.62        5.40
8           64.61          0        0.00        7.98          2          1          0        163        12    100.00        1.72        2.90      6.51        5.40
9           72.58          0        0.00        7.97          2          0          1        212        12    100.00        1.59        3.09      5.77        5.40
10          80.56          0        0.00        7.97          2          1          0        264        12    100.00        1.60        2.98      6.90        5.40
11          88.56          0        0.00        8.00          2          0          0        319        12     96.36        1.59        3.33      6.75        4.09
12          96.55          0        0.00        7.99          2          0          0        381        12    100.00        1.49        3.24      7.63        5.40
13         104.53          0        0.00        7.98          2          0          0        437        12     98.21        1.57        3.00      6.89        4.76
14         112.51          0        0.00        7.98          2          4          1        499        12     88.89        1.83        3.30      8.64       -2.20
15         120.52         +1        5.79        8.00          1          0          0        552        13     81.48        2.47        4.18      5.26        0.55
16         128.53         +1        5.82        8.01          1          0          0        597        14    100.00        1.46        2.96      5.36        5.32
17         136.54          0        0.00        8.01          1          0          0        637        14    100.00        1.52        3.57      5.37        5.40
18         144.54          0        0.00        7.99          1          0          0        669        14    100.00        1.88        3.00      4.13        5.40
19         152.54          0        0.00        8.00          1          5          0        729        14     98.33        1.70        3.25      8.88        4.80
20         160.56          0        0.00        8.02          1          0          0        769        14     97.50        1.80        3.51      3.49        4.50
21         168.63          0        0.00        8.07          1          0          0        807        14    100.00        1.51        3.00      4.74        5.40
22         176.68          0        0.00        8.05          0          0          0        844        14    100.00        1.59        2.91      4.69        5.40
23         184.75          0        0.00        8.07          0          0          0        882        14    100.00        1.67        2.95      4.60        5.40
24         192.83          0        0.00        8.07          0          0          0        930        14    100.00        1.57        2.94      5.81        5.40
25         200.93          0        0.00        8.10          0          0          0        973        14    100.00        1.50        2.97      5.31        5.40
26         209.12          0        0.00        8.19          0          0          0       1022        14    100.00        1.71        3.23      6.47        5.40
27         217.20          0        0.00        8.08          0          0          0       1074        14    100.00        1.47        2.90      6.55        5.40
28         225.29          0        0.00        8.08          0          0          0       1121        14    100.00        1.77        3.02      4.71        5.40
29         233.83          0        0.00        8.53          0          0          0       1140        14    100.00        1.68        2.87      2.09       13.40


[INFO] Episode finished at step 29


[3/3] Summary Statistics
----------------------------------------------------------------------
Total Steps:        29
Total Reward:       148.62
Mean Reward:        5.12 ± 2.25
Mean QoS Rate:      98.65%
Final QoS (tasks):  98.07%
Mean Workers:       13.0
Max Workers:        14.0
Scaling Actions:    2
No-op Actions:      27
======================================================================




======================================================================
EVALUATING DQN (Episode 3/10)
======================================================================


[1/3] Resetting environment...
✓ Initial state: [ 3.   0.   0.   0.  12.   1.5  1.5  0.   1. ]
[2/3] Running up to 30 steps...
Step      Time[s]     Action  Scale_T[s]   Step_D[s]    Input_Q   Worker_Q   Result_Q   Output_Q   Workers    QoS[%]    AVG_T[s]    MAX_T[s]       ARR      Reward
1            9.03          0        0.00        8.01          3          0          0         19        12    100.00        1.43        2.73      2.48        5.40
2           17.06          0        0.00        8.02          3          0          0         28        12    100.00        1.53        2.92      1.50        5.40
3           25.09          0        0.00        8.03          3          0          0         38        12    100.00        1.29        2.81      1.25        5.40
4           33.09          0        0.00        8.00          3          0          0         55        12    100.00        1.58        2.94      2.00        5.40
5           41.16          0        0.00        8.07          3          0          0         71        12    100.00        1.53        2.90      1.98        5.40
6           49.19          0        0.00        8.02          2          4          2        108        12    100.00        1.40        2.99      6.36        5.40
7           57.21          0        0.00        8.02          2         12          0        169        12     95.08        2.01        3.21      8.48        3.63
8           65.31         +1        7.90        8.10          2          0          0        223        13     64.81        2.55        4.92      5.06       -5.45
9           73.44         +1        5.87        8.12          2          0          0        285        14    100.00        1.60        3.47      7.85        5.32
10          81.50          0        0.00        8.06          2          0          0        349        14    100.00        1.70        3.08      7.00        5.40
11          89.55          0        0.00        8.05          2          1          0        410        14     96.72        1.51        2.92      8.55        4.22
12          97.60          0        0.00        8.04          2          0          0        474        14    100.00        1.57        3.14      7.58        5.40
13         105.80          0        0.00        8.19          1          0          0        541        14     91.04        1.71        3.36      7.99       -1.42
14         114.75         +1        8.51        8.89          1          0          0        585        15    100.00        1.81        4.25      4.22        5.27
15         122.87          0        0.00        8.12          1          0          0        630        15    100.00        1.40        2.98      6.66        5.35
16         130.94          0        0.00        8.06          1          0          0        676        15    100.00        1.64        2.94      5.31        5.35
17         139.06          0        0.00        8.12          1          0          0        712        15    100.00        1.51        2.98      4.45        5.35
18         147.18          0        0.00        8.11          1          0          0        758        15    100.00        1.58        2.81      6.02        5.35
19         155.25          0        0.00        8.07          1          0          0        821        15    100.00        1.52        3.36      6.56        5.35
20         163.43          0        0.00        8.17          0          0          1        845        15    100.00        1.48        2.88      3.20        5.35
21         171.63          0        0.00        8.18          0          0          1        878        15    100.00        1.47        2.96      5.10        5.35
22         179.69          0        0.00        8.06          0          1          0        918        15    100.00        1.71        2.96      4.44        5.35
23         187.78          0        0.00        8.09          0          0          1        983        15     96.92        1.77        3.33      8.80        4.24
24         195.91          0        0.00        8.13          0          1          0       1010        15    100.00        1.38        2.33      2.33        5.35
25         204.02          0        0.00        8.11          0          0          0       1054        15    100.00        1.52        2.95      5.91        5.35
26         212.12          0        0.00        8.09          0          0          0       1101        15    100.00        1.80        3.20      5.19        5.35
27         220.50          0        0.00        8.38          0          0          0       1140        15    100.00        1.48        2.99      4.20       13.35


[INFO] Episode finished at step 27


[3/3] Summary Statistics
----------------------------------------------------------------------
Total Steps:        27
Total Reward:       131.21
Mean Reward:        4.86 ± 2.89
Mean QoS Rate:      97.95%
Final QoS (tasks):  97.19%
Mean Workers:       14.0
Max Workers:        15.0
Scaling Actions:    3
No-op Actions:      24
======================================================================




======================================================================
EVALUATING DQN (Episode 4/10)
======================================================================


[1/3] Resetting environment...
✓ Initial state: [ 3.   0.   0.   0.  12.   1.5  1.5  0.   1. ]
[2/3] Running up to 30 steps...
Step      Time[s]     Action  Scale_T[s]   Step_D[s]    Input_Q   Worker_Q   Result_Q   Output_Q   Workers    QoS[%]    AVG_T[s]    MAX_T[s]       ARR      Reward
1            9.10          0        0.00        8.19          3          0          0         15        12    100.00        1.62        2.90      2.32        5.40
2           17.16          0        0.00        8.05          3          0          0         28        12    100.00        1.23        2.38      1.61        5.40
3           25.18          0        0.00        8.01          3          0          0         38        12    100.00        1.74        2.98      0.75        5.40
4           33.24          0        0.00        8.06          3          0          0         51        12    100.00        1.56        2.58      1.86        5.40
5           41.25          0        0.00        8.00          3          0          0         75        12    100.00        1.64        2.95      2.99        5.40
6           49.25          0        0.00        8.00          2          2          0         92        12    100.00        1.28        2.37      3.38        5.40
7           57.25          0        0.00        7.99          2          8          1        150        12     98.28        1.53        2.95      8.36        4.78
8           65.33         +1        7.56        8.08          2          0          0        214        13     79.03        2.31        4.14      6.72       -0.33
9           73.47         +1        7.51        8.10          2          8          0        282        14     84.85        2.14        3.52      9.69        1.77
10          82.29         +1        8.51        8.81          2          1          0        351        15     87.50        2.03        4.15      7.14        2.72
11          90.49         +1        7.81        8.20          2          0          0        425        16     97.22        1.62        3.00      8.09        4.22
12          98.68          0        0.00        8.18          2          0          0        490        16    100.00        1.47        3.20      8.08        5.30
13         106.88          0        0.00        8.19          1          0          1        548        16    100.00        1.48        2.96      7.16        5.30
14         114.99          0        0.00        8.11          1          0          0        602        16    100.00        1.54        3.01      6.65        5.30
15         123.08          0        0.00        8.08          1          0          0        643        16    100.00        1.61        2.95      4.94        5.30
16         131.17          0        0.00        8.08          1          0          0        688        16    100.00        1.69        2.96      5.68        5.30
17         139.30          0        0.00        8.13          1          0          0        729        16    100.00        1.57        2.91      5.42        5.30
18         147.39          0        0.00        8.08          1          0          0        774        16    100.00        1.68        2.99      5.69        5.30
19         155.53          0        0.00        8.14          1          0          0        815        16    100.00        1.50        2.93      3.57        5.30
20         163.67          0        0.00        8.13          0          0          0        839        16    100.00        1.62        2.95      3.81        5.30
21         171.75          0        0.00        8.08          0          0          0        874        16    100.00        1.40        2.93      4.70        5.30
22         179.85          0        0.00        8.09          0          0          0        918        16    100.00        1.52        2.99      4.57        5.30
23         187.99          0        0.00        8.14          0          0          1        963        16    100.00        1.60        2.94      5.53        5.30
24         196.08          0        0.00        8.09          0          0          1       1009        16    100.00        1.65        3.02      6.30        5.30
25         204.17          0        0.00        8.09          0          0          0       1040        16    100.00        1.52        2.96      3.09        5.30
26         212.31          0        0.00        8.14          0          0          0       1077        16    100.00        1.47        2.96      4.67        5.30
27         220.48          0        0.00        8.17          0          0          0       1131        16    100.00        1.57        3.01      7.12        5.30
28         228.90          0        0.00        8.41          0          0          0       1140        16    100.00        1.68        2.56      0.00       13.30


[INFO] Episode finished at step 28


[3/3] Summary Statistics
----------------------------------------------------------------------
Total Steps:        28
Total Reward:       143.66
Mean Reward:        5.13 ± 2.03
Mean QoS Rate:      98.10%
Final QoS (tasks):  97.02%
Mean Workers:       14.8
Max Workers:        16.0
Scaling Actions:    4
No-op Actions:      24
======================================================================




======================================================================
EVALUATING DQN (Episode 5/10)
======================================================================


[1/3] Resetting environment...
✓ Initial state: [ 3.   0.   0.   0.  12.   1.5  1.5  0.   1. ]
[2/3] Running up to 30 steps...
Step      Time[s]     Action  Scale_T[s]   Step_D[s]    Input_Q   Worker_Q   Result_Q   Output_Q   Workers    QoS[%]    AVG_T[s]    MAX_T[s]       ARR      Reward
1            9.02          0        0.00        8.11          3          0          0         14        12    100.00        1.48        2.87      1.73        5.40
2           17.16          0        0.00        8.13          3          0          0         30        12    100.00        1.37        2.90      2.22        5.40
3           25.19          0        0.00        8.02          3          0          0         44        12    100.00        1.50        2.96      1.86        5.40
4           33.22          0        0.00        8.03          3          0          0         60        12    100.00        1.60        2.91      1.87        5.40
5           41.27          0        0.00        8.04          3          0          0         81        12    100.00        1.77        2.98      2.62        5.40
6           49.33          0        0.00        8.06          2          2          0        108        12     96.30        1.50        2.94      4.83        4.07
7           57.37          0        0.00        8.03          2          3          0        167        12     96.61        1.75        2.96      7.46        4.18
8           65.41         +1        7.11        8.04          2          7          0        228        13     63.93        2.71        4.95      8.22       -5.76
9           73.46         +1        6.45        8.05          2          4          0        303        14     83.78        2.18        4.53      9.07        1.38
10          81.55         +1        6.41        8.09          2          0          1        367        15     96.88        1.79        3.48      6.55        4.15
11          89.61          0        0.00        8.07          2          0          0        406        15    100.00        1.62        2.97      4.84        5.35
12          97.71          0        0.00        8.10          2          1          1        471        15     96.92        1.52        3.02      9.25        4.24
13         105.81          0        0.00        8.10          1          0          0        548        15     88.16        2.17        4.12      8.65       -2.46
14         114.52         +1        8.33        8.71          1          0          0        592        16    100.00        1.66        2.97      5.06        5.22
15         122.61          0        0.00        8.08          1          0          1        643        16    100.00        1.49        2.95      6.16        5.30
16         130.72          0        0.00        8.11          1          0          0        694        16    100.00        1.52        2.91      5.68        5.30
17         138.81          0        0.00        8.08          1          0          1        728        16    100.00        1.55        3.02      4.08        5.30
18         146.92          0        0.00        8.10          1          0          1        766        16    100.00        1.51        2.96      5.81        5.30
19         155.06          0        0.00        8.14          1          0          0        799        16    100.00        1.77        2.98      3.06        5.30
20         163.14          0        0.00        8.07          1          0          0        832        16    100.00        1.57        2.95      4.45        5.30
21         171.26          0        0.00        8.11          0          0          0        863        16    100.00        1.32        2.90      3.57        5.30
22         179.39          0        0.00        8.13          0          0          0        897        16    100.00        1.65        3.00      5.42        5.30
23         187.49          0        0.00        8.10          0          0          1        957        16    100.00        1.69        3.04      7.52        5.30
24         195.59          0        0.00        8.10          0          1          0       1003        16    100.00        1.55        2.94      4.69        5.30
25         203.68          0        0.00        8.09          0          0          0       1043        16    100.00        1.49        2.97      4.69        5.30
26         211.85          0        0.00        8.17          0          0          0       1087        16    100.00        1.62        2.97      5.41        5.30
27         220.05          0        0.00        8.19          0          0          0       1136        16    100.00        1.66        2.96      5.71        5.30
28         228.42          0        0.00        8.36          0          0          0       1140        16    100.00        2.25        2.69      0.00       13.30


[INFO] Episode finished at step 28


[3/3] Summary Statistics
----------------------------------------------------------------------
Total Steps:        28
Total Reward:       129.56
Mean Reward:        4.63 ± 3.02
Mean QoS Rate:      97.24%
Final QoS (tasks):  95.61%
Mean Workers:       14.7
Max Workers:        16.0
Scaling Actions:    4
No-op Actions:      24
======================================================================




======================================================================
EVALUATING DQN (Episode 6/10)
======================================================================


[1/3] Resetting environment...
✓ Initial state: [ 3.   0.   0.   0.  12.   1.5  1.5  0.   1. ]
[2/3] Running up to 30 steps...
Step      Time[s]     Action  Scale_T[s]   Step_D[s]    Input_Q   Worker_Q   Result_Q   Output_Q   Workers    QoS[%]    AVG_T[s]    MAX_T[s]       ARR      Reward
1            8.87          0        0.00        8.01          3          0          0         15        12    100.00        1.22        2.98      1.87        5.40
2           16.90          0        0.00        8.02          3          0          0         22        12    100.00        1.34        1.82      1.87        5.40
3           25.09          0        0.00        8.19          3          0          1         44        12    100.00        1.75        2.75      2.10        5.40
4           33.17          0        0.00        8.07          3          0          1         62        12    100.00        1.34        2.92      2.33        5.40
5           41.22          0        0.00        8.05          3          0          0         76        12    100.00        1.86        2.96      1.24        5.40
6           49.31          0        0.00        8.08          2          0          0         83        12    100.00        1.64        2.89      1.98        5.40
7           57.32          0        0.00        8.01          2          8          1        141        12     98.28        1.53        2.95      8.72        4.78
8           65.36         +1        7.77        8.03          2          2          0        208        13     80.60        2.23        3.54      7.60        0.23
9           73.45         +1        6.84        8.09          2          2          2        255        14    100.00        1.76        3.93      6.07        5.32
10          81.50          0        0.00        8.04          2          1          0        333        14     93.42        2.00        3.59      9.30       -0.57
11          89.60         +1        6.83        8.10          2          4          0        401        15     97.06        2.04        3.77      8.91        4.21
12          97.67         +1        6.87        8.07          2          1          0        475        16     97.30        1.70        3.71      8.19        4.25
13         105.77          0        0.00        8.10          1          0          2        528        16    100.00        1.51        2.95      7.02        5.30
14         113.86          0        0.00        8.09          1          0          0        584        16    100.00        1.50        2.98      6.06        5.30
15         122.04          0        0.00        8.17          1          0          2        622        16    100.00        1.48        2.58      4.42        5.30
16         130.13          0        0.00        8.10          1          0          0        654        16    100.00        1.53        2.95      4.07        5.30
17         138.22          0        0.00        8.09          1          0          0        690        16    100.00        1.60        2.97      3.94        5.30
18         146.31          0        0.00        8.08          1          0          0        731        16    100.00        1.57        2.94      5.07        5.30
19         154.42          0        0.00        8.10          1          0          1        746        16    100.00        1.35        2.97      2.59        5.30
20         162.53          0        0.00        8.10          1          0          0        791        16    100.00        1.61        2.98      4.69        5.30
21         170.62          0        0.00        8.10          0          0          0        838        16    100.00        1.34        2.90      6.30        5.30
22         178.78          0        0.00        8.15          0          0          1        883        16    100.00        1.30        2.95      5.92        5.30
23         186.88          0        0.00        8.09          0          0          0        938        16    100.00        1.59        3.00      6.27        5.30
24         195.10          0        0.00        8.23          0          0          0        991        16    100.00        1.70        2.97      6.75        5.30
25         203.41          0        0.00        8.21          0          0          0       1025        16    100.00        1.28        2.49      3.94        5.30
26         211.52          0        0.00        8.11          0          0          0       1061        16    100.00        1.66        2.90      4.19        5.30
27         219.63          0        0.00        8.10          0          0          1       1097        16    100.00        1.43        2.90      4.93        5.30
28         227.79          0        0.00        8.16          0          0          0       1125        16    100.00        1.63        2.95      2.83        5.30
29         236.21          0        0.00        8.41          0          0          0       1140        16    100.00        1.39        2.95      1.59       13.30


[INFO] Episode finished at step 29


[3/3] Summary Statistics
----------------------------------------------------------------------
Total Steps:        29
Total Reward:       148.72
Mean Reward:        5.13 ± 2.08
Mean QoS Rate:      98.85%
Final QoS (tasks):  97.89%
Mean Workers:       14.8
Max Workers:        16.0
Scaling Actions:    4
No-op Actions:      25
======================================================================




======================================================================
EVALUATING DQN (Episode 7/10)
======================================================================


[1/3] Resetting environment...
✓ Initial state: [ 3.   0.   0.   0.  12.   1.5  1.5  0.   1. ]
[2/3] Running up to 30 steps...
Step      Time[s]     Action  Scale_T[s]   Step_D[s]    Input_Q   Worker_Q   Result_Q   Output_Q   Workers    QoS[%]    AVG_T[s]    MAX_T[s]       ARR      Reward
1            9.04          0        0.00        8.04          3          0          0         10        12    100.00        1.63        2.34      1.24        5.40
2           17.07          0        0.00        8.03          3          0          0         22        12    100.00        1.86        2.88      1.87        5.40
3           25.13          0        0.00        8.05          3          0          0         33        12    100.00        1.45        2.53      1.37        5.40
4           33.16          0        0.00        8.03          3          0          1         43        12    100.00        1.58        2.59      1.12        5.40
5           41.19          0        0.00        8.03          3          0          0         55        12    100.00        1.58        2.67      1.99        5.40
6           49.20          0        0.00        8.02          3          0          0         65        12    100.00        1.31        1.94      1.25        5.40
7           57.23          0        0.00        8.02          3          0          0         80        12    100.00        1.36        2.15      1.75        5.40
8           65.30          0        0.00        8.07          2          0          0        116        12    100.00        1.29        2.92      4.97        5.40
9           73.34          0        0.00        8.03          2          7          0        165        12    100.00        1.48        2.99      7.32        5.40
10          81.34          0        0.00        8.00          2          3          0        226        12     80.33        2.23        3.94      7.11       -5.28
11          89.38         +1        7.71        8.03          2          0          1        290        13    100.00        1.68        3.35      7.60        5.32
12          97.66          0        0.00        8.28          2          3          1        349        13     86.21        2.33        3.83      7.94       -3.17
13         105.71         +1        6.59        8.04          2          1          0        411        14     93.22        1.67        3.56      7.25        4.78
14         113.84          0        0.00        8.12          2          0          2        477        14     95.31        1.85        3.29      7.54        3.71
15         121.93          0        0.00        8.09          2          0          0        525        14    100.00        1.48        2.83      5.18        5.40
16         130.00          0        0.00        8.07          1          0          0        578        14    100.00        1.53        2.98      7.19        5.40
17         138.06          0        0.00        8.05          1          1          0        623        14    100.00        1.42        2.52      5.45        5.40
18         146.18          0        0.00        8.11          1          0          0        641        14    100.00        1.44        2.91      1.61        5.40
19         154.30          0        0.00        8.12          1          1          0        676        14    100.00        1.55        3.00      5.42        5.40
20         162.39          0        0.00        8.09          1          0          1        718        14    100.00        1.74        2.95      5.05        5.40
21         170.45          0        0.00        8.06          1          0          0        759        14    100.00        1.66        2.97      4.72        5.40
22         178.52          0        0.00        8.07          1          0          0        800        14    100.00        1.46        2.95      5.08        5.40
23         186.70          0        0.00        8.18          0          0          0        843        14    100.00        1.70        2.94      5.03        5.40
24         194.96          0        0.00        8.26          0          0          0        887        14    100.00        1.48        3.02      5.61        5.40
25         203.07          0        0.00        8.10          0          1          1        929        14    100.00        1.56        2.98      5.50        5.40
26         211.13          0        0.00        8.05          0          0          0        973        14    100.00        1.63        2.75      4.84        5.40
27         219.17          0        0.00        8.04          0          0          0       1019        14    100.00        1.51        2.95      6.70        5.40
28         227.31          0        0.00        8.13          0          0          0       1056        14    100.00        1.53        3.14      3.32        5.40
29         235.41          0        0.00        8.09          0          0          0       1109        14     94.34        1.71        3.03      6.90       -0.24
30         243.74          0        0.00        8.33          0          0          0       1136        14    100.00        1.66        3.03      2.98       -2.60


[INFO] Episode finished at step 30


[3/3] Summary Statistics
----------------------------------------------------------------------
Total Steps:        30
Total Reward:       126.73
Mean Reward:        4.22 ± 2.86
Mean QoS Rate:      98.31%
Final QoS (tasks):  97.36%
Mean Workers:       13.3
Max Workers:        14.0
Scaling Actions:    2
No-op Actions:      28
======================================================================




======================================================================
EVALUATING DQN (Episode 8/10)
======================================================================


[1/3] Resetting environment...
✓ Initial state: [ 3.   0.   0.   0.  12.   1.5  1.5  0.   1. ]
[2/3] Running up to 30 steps...
Step      Time[s]     Action  Scale_T[s]   Step_D[s]    Input_Q   Worker_Q   Result_Q   Output_Q   Workers    QoS[%]    AVG_T[s]    MAX_T[s]       ARR      Reward
1            9.22          0        0.00        8.03          3          0          0         17        12    100.00        1.48        2.49      2.24        5.40
2           17.24          0        0.00        8.01          3          0          0         33        12    100.00        1.46        2.95      2.74        5.40
3           25.26          0        0.00        8.01          3          0          0         46        12    100.00        1.75        2.73      1.00        5.40
4           33.27          0        0.00        8.01          3          0          0         56        12    100.00        1.31        2.37      1.75        5.40
5           41.34          0        0.00        8.06          3          0          0         78        12    100.00        1.67        2.98      2.12        5.40
6           49.42          0        0.00        8.08          2          0          0         86        12    100.00        1.20        1.63      1.48        5.40
7           57.47          0        0.00        8.04          2          7          0        143        12    100.00        1.50        2.72      8.85        5.40
8           65.81         +1        8.11        8.33          2         21          0        208        13     46.88        2.87        4.65      9.59      -11.90
9           73.96         +1        7.90        8.15          2         34          1        272        14     42.19        3.70        5.41      9.70      -13.64
10          82.11         +1        7.81        8.15          2          7          0        351        15      1.28        4.97        6.77      6.27      -28.32
11          90.22         +1        6.69        8.11          2          0          0        420        16     64.71        2.53        6.62      6.28       -5.49
12          98.36         +1        6.71        8.13          2          0          0        460        17    100.00        1.56        2.99      6.27        5.17
13         106.48          0        0.00        8.11          2          0          0        512        17    100.00        1.58        2.99      5.67        5.25
14         114.56          0        0.00        8.08          1          0          0        548        17    100.00        1.63        2.95      4.21        5.25
15         122.67          0        0.00        8.10          1          0          0        594        17    100.00        1.41        2.93      5.55        5.25
16         130.85          0        0.00        8.18          1          0          1        641        17    100.00        1.50        2.97      5.75        5.25
17         138.95          0        0.00        8.09          1          1          0        681        17    100.00        1.65        2.95      5.43        5.25
18         147.06          0        0.00        8.11          1          0          0        720        17    100.00        1.48        2.71      4.07        5.25
19         155.13          0        0.00        8.07          1          2          1        771        17    100.00        1.62        3.00      8.41        5.25
20         163.24          0        0.00        8.10          1          0          1        826        17    100.00        1.83        3.54      5.20        5.25
21         171.32          0        0.00        8.08          0          0          0        868        17    100.00        1.40        2.94      4.93        5.25
22         179.42          0        0.00        8.09          0          0          0        910        17    100.00        1.55        2.97      6.44        5.25
23         187.53          0        0.00        8.11          0          0          1        943        17    100.00        1.62        2.96      4.19        5.25
24         195.68          0        0.00        8.13          0          0          3       1005        17    100.00        1.53        2.95      6.88        5.25
25         203.78          0        0.00        8.10          0          0          0       1050        17    100.00        1.50        2.99      4.93        5.25
26         211.99          0        0.00        8.21          0          0          1       1086        17    100.00        1.55        2.95      4.39        5.25
27         220.24          0        0.00        8.25          0          0          0       1124        17    100.00        1.69        2.96      5.45        5.25
28         228.70          0        0.00        8.45          0          0          0       1140        17    100.00        1.93        2.91      0.49       13.25


[INFO] Episode finished at step 28


[3/3] Summary Statistics
----------------------------------------------------------------------
Total Steps:        28
Total Reward:       75.62
Mean Reward:        2.70 ± 7.96
Mean QoS Rate:      91.25%
Final QoS (tasks):  84.82%
Mean Workers:       15.4
Max Workers:        17.0
Scaling Actions:    5
No-op Actions:      23
======================================================================




======================================================================
EVALUATING DQN (Episode 9/10)
======================================================================


[1/3] Resetting environment...
✓ Initial state: [ 3.   0.   0.   0.  12.   1.5  1.5  0.   1. ]
[2/3] Running up to 30 steps...
Step      Time[s]     Action  Scale_T[s]   Step_D[s]    Input_Q   Worker_Q   Result_Q   Output_Q   Workers    QoS[%]    AVG_T[s]    MAX_T[s]       ARR      Reward
1            8.98          0        0.00        8.05          3          0          0         24        12    100.00        1.57        2.98      3.70        5.40
2           16.99          0        0.00        8.00          3          0          0         37        12    100.00        1.60        2.94      1.25        5.40
3           25.05          0        0.00        8.06          3          0          0         54        12    100.00        1.60        2.96      1.87        5.40
4           33.05          0        0.00        8.00          3          0          0         68        12    100.00        1.27        2.59      1.87        5.40
5           41.06          0        0.00        8.01          3          0          0         84        12    100.00        1.67        2.66      2.25        5.40
6           49.07          0        0.00        8.01          2          5          0        118        12    100.00        1.61        2.95      5.87        5.40
7           57.10          0        0.00        8.03          2         13          1        186        12     92.65        1.82        3.02      9.61       -0.85
8           65.69         +1        8.33        8.59          2          5          1        258        13     44.62        3.12        4.96      7.44      -12.72
9           74.74         +1        8.80        9.05          2          0          0        325        14     88.71        1.94        4.40      6.85        3.16
10          82.83         +1        6.81        8.08          2          0          0        383        15     96.49        1.68        2.97      6.94        4.01
11          90.93          0        0.00        8.10          2          2          0        444        15     98.36        1.68        2.99      8.28        4.76
12          99.03          0        0.00        8.10          2          0          2        513        15     98.53        1.79        3.53      8.01        4.82
13         107.07          0        0.00        8.04          1          2          0        561        15    100.00        1.56        2.96      6.45        5.35
14         115.13          0        0.00        8.06          1          0          1        597        15    100.00        1.65        3.24      3.73        5.35
15         123.21          0        0.00        8.07          1          0          0        635        15    100.00        1.58        3.04      4.21        5.35
16         131.27          0        0.00        8.06          1          0          0        663        15    100.00        1.52        2.93      2.97        5.35
17         139.33          0        0.00        8.06          1          0          0        710        15    100.00        1.58        2.98      6.58        5.35
18         147.39          0        0.00        8.05          1          0          0        751        15    100.00        1.54        2.97      4.59        5.35
19         155.47          0        0.00        8.08          1          0          0        785        15    100.00        1.57        3.00      4.57        5.35
20         163.66          0        0.00        8.18          0          0          0        835        15    100.00        1.62        2.99      6.10        5.35
21         171.73          0        0.00        8.07          0          0          0        872        15    100.00        1.66        3.00      4.59        5.35
22         179.80          0        0.00        8.07          0          0          0        915        15    100.00        1.47        2.86      5.45        5.35
23         187.96          0        0.00        8.15          0          0          0        953        15    100.00        1.54        2.94      4.05        5.35
24         196.07          0        0.00        8.10          0          0          1        985        15    100.00        1.63        2.96      4.43        5.35
25         204.14          0        0.00        8.07          0          3          0       1022        15    100.00        1.48        2.84      5.83        5.35
26         212.27          0        0.00        8.12          0          1          0       1074        15    100.00        1.47        2.91      5.17        5.35
27         220.44          0        0.00        8.16          0          1          0       1115        15    100.00        1.55        2.92      5.79        5.35
28         228.89          0        0.00        8.45          0          0          0       1140        15    100.00        1.78        2.94      1.34       13.35


[INFO] Episode finished at step 28


[3/3] Summary Statistics
----------------------------------------------------------------------
Total Steps:        28
Total Reward:       129.18
Mean Reward:        4.61 ± 3.88
Mean QoS Rate:      97.12%
Final QoS (tasks):  94.91%
Mean Workers:       14.1
Max Workers:        15.0
Scaling Actions:    3
No-op Actions:      25
======================================================================




======================================================================
EVALUATING DQN (Episode 10/10)
======================================================================


[1/3] Resetting environment...
✓ Initial state: [ 3.   0.   0.   0.  12.   1.5  1.5  0.   1. ]
[2/3] Running up to 30 steps...
Step      Time[s]     Action  Scale_T[s]   Step_D[s]    Input_Q   Worker_Q   Result_Q   Output_Q   Workers    QoS[%]    AVG_T[s]    MAX_T[s]       ARR      Reward
1            8.85          0        0.00        8.03          3          0          0         12        12    100.00        1.10        2.71      2.12        5.40
2           16.89          0        0.00        8.04          3          0          0         36        12    100.00        1.45        2.98      2.99        5.40
3           24.95          0        0.00        8.06          3          0          0         57        12    100.00        1.39        2.94      2.48        5.40
4           33.16          0        0.00        8.20          3          0          0         72        12    100.00        1.42        2.35      2.07        5.40
5           41.19          0        0.00        8.04          3          0          0         84        12    100.00        1.72        2.96      0.87        5.40
6           49.24          0        0.00        8.04          2          8          0        117        12     96.97        1.58        2.90      6.47        4.31
7           58.52         +1        9.03        9.28          2         13          0        192        13     76.56        2.23        3.94      8.72       -1.22
8           66.57         +1        6.83        8.05          2          0          1        259        14     31.34        3.42        5.00      6.34      -17.50
9           74.62         +1        6.88        8.04          2          3          2        310        15     96.08        1.87        5.31      7.59        3.86
10          82.73         +1        6.92        8.09          2          0          0        362        16     95.83        1.87        3.13      4.95        3.72
11          90.81          0        0.00        8.07          2          0          0        415        16    100.00        1.72        3.12      7.15        5.30
12          98.87          0        0.00        8.04          2          0          0        480        16    100.00        1.52        2.97      8.06        5.30
13         106.93          0        0.00        8.06          1          0          0        561        16     87.65        2.21        3.72      9.55       -2.64
14         115.07         +1        6.90        8.14          1          0          0        603        17    100.00        1.63        3.06      4.43        5.17
15         123.17          0        0.00        8.10          1          2          0        639        17    100.00        1.65        3.00      5.19        5.25
16         131.31          0        0.00        8.13          1          0          0        695        17    100.00        1.53        2.99      6.53        5.25
17         139.45          0        0.00        8.14          1          0          1        732        17    100.00        1.41        2.93      4.79        5.25
18         147.80          0        0.00        8.34          1          0          0        772        17    100.00        1.47        2.95      4.57        5.25
19         156.34          0        0.00        8.53          1          0          2        820        17    100.00        1.54        3.11      6.18        5.25
20         164.61          0        0.00        8.26          0          0          0        868        17    100.00        1.58        3.00      5.44        5.25
21         172.78          0        0.00        8.16          0          0          0        903        17    100.00        1.76        3.01      4.29        5.25
22         180.93          0        0.00        8.14          0          0          0        949        17    100.00        1.60        2.97      5.13        5.25
23         189.05          0        0.00        8.11          0          0          0        991        17    100.00        1.61        3.00      4.69        5.25
24         197.21          0        0.00        8.16          0          0          0       1039        17    100.00        1.40        2.97      7.23        5.25
25         205.32          0        0.00        8.11          0          0          0       1091        17    100.00        1.47        2.97      5.79        5.25
26         213.54          0        0.00        8.22          0          0          0       1123        17    100.00        1.37        2.89      4.14        5.25
27         222.11          0        0.00        8.56          0          0          0       1140        17    100.00        1.56        2.94      1.10       13.25


[INFO] Episode finished at step 27


[3/3] Summary Statistics
----------------------------------------------------------------------
Total Steps:        27
Total Reward:       109.55
Mean Reward:        4.06 ± 4.92
Mean QoS Rate:      95.72%
Final QoS (tasks):  92.89%
Mean Workers:       15.4
Max Workers:        17.0
Scaling Actions:    5
No-op Actions:      22
======================================================================


[SUMMARY] SARSA
  - Total Reward: 46.59 ± 23.10
  - Mean Reward: 1.61 ± 0.80
  - Final QoS (tasks): 99.20% ± 0.52%
  - Mean QoS Rate: 99.54% ± 0.26%
  - Mean Workers: 14.78 ± 0.49
  - Max Workers: 17.80 ± 0.75
  - Scaling Actions: 24.00 ± 2.05
  - No-op Actions: 4.90 ± 1.92
[SUMMARY] ReactiveAverage
  - Total Reward: -10889.87 ± 7828.52
  - Mean Reward: -370.13 ± 265.26
  - Final QoS (tasks): 50.87% ± 4.38%
  - Mean QoS Rate: 63.93% ± 3.14%
  - Mean Workers: 10.79 ± 0.31
  - Max Workers: 16.60 ± 0.66
  - Scaling Actions: 28.40 ± 0.92
  - No-op Actions: 1.00 ± 1.00
[SUMMARY] ReactiveMaximum
  - Total Reward: -3327.77 ± 3448.80
  - Mean Reward: -114.75 ± 115.08
  - Final QoS (tasks): 65.61% ± 14.26%
  - Mean QoS Rate: 76.35% ± 10.02%
  - Mean Workers: 13.92 ± 0.68
  - Max Workers: 18.80 ± 0.40
  - Scaling Actions: 26.80 ± 1.25
  - No-op Actions: 1.70 ± 0.78
[SUMMARY] DQN
  - Total Reward: 126.20 ± 20.60
  - Mean Reward: 4.47 ± 0.70
  - Final QoS (tasks): 94.91% ± 3.79%
  - Mean QoS Rate: 96.92% ± 2.14%
  - Mean Workers: 14.40 ± 0.77
  - Max Workers: 15.60 ± 1.02
  - Scaling Actions: 3.60 ± 1.02
  - No-op Actions: 24.60 ± 1.69
[INFO] Aggregated results saved to runs/comparison/compare_20251119_112155/aggregated_results.json
[PLOT] Saved comparison to runs/comparison/compare_20251119_112155/comparison_plots.png
