[LOG] Console output is being saved to /home/lanpei/AI-based-Autonomic-Management-of-Structured-Parallel-Programs/autoscaling_env/baselines/logs/reactive_baseline_both_20251031_234639.log

======================================================================
REACTIVE BASELINE TEST
======================================================================
Agent:         both
Steps:         50
Initial Workers: 12
Max Workers:   32
Step Duration: 8s
Planning Horizon: 8s
======================================================================

[SETUP] Initializing environment...
[INFO] This will deploy emitter, collector, and initial workers...
[INFO] This may take 1-2 minutes on first run...
✓ Environment initialized successfully

======================================================================
COMPARING REACTIVE BASELINES
======================================================================

======================================================================
TESTING REACTIVEAVERAGE
======================================================================

[1/3] Resetting environment...
✓ Initial state: [ 3.   1.   0.   0.  12.   1.5  1.5  5.   1. ]

[2/3] Running 50 steps...
----------------------------------------------------------------------
Step   Time     Action   Scale_T  Step_D   Input_Q  Worker_Q Result_Q Output_Q Workers  QoS      AVG_T    MAX_T    ARR.     Reward    
1      8.80s    -1       3.27s    7.98s    3        0        0        26       11       100.00%  1.52s    2.62s    3.12s    -4.52     
Step   Time     Action   Scale_T  Step_D   Input_Q  Worker_Q Result_Q Output_Q Workers  QoS      AVG_T    MAX_T    ARR.     Reward    
2      16.76s   -1       3.21s    7.97s    3        0        0        36       10       100.00%  1.73s    2.94s    1.38s    -4.48     
Step   Time     Action   Scale_T  Step_D   Input_Q  Worker_Q Result_Q Output_Q Workers  QoS      AVG_T    MAX_T    ARR.     Reward    
3      24.70s   -1       2.21s    7.94s    3        0        0        55       9        100.00%  1.43s    2.25s    2.38s    -4.43     
Step   Time     Action   Scale_T  Step_D   Input_Q  Worker_Q Result_Q Output_Q Workers  QoS      AVG_T    MAX_T    ARR.     Reward    
4      32.71s   -1       2.21s    8.01s    3        0        1        68       8        100.00%  1.40s    2.96s    1.62s    -4.38     
Step   Time     Action   Scale_T  Step_D   Input_Q  Worker_Q Result_Q Output_Q Workers  QoS      AVG_T    MAX_T    ARR.     Reward    
5      40.67s   -1       2.21s    7.96s    3        0        0        77       7        100.00%  1.36s    2.19s    1.12s    -4.33     
Step   Time     Action   Scale_T  Step_D   Input_Q  Worker_Q Result_Q Output_Q Workers  QoS      AVG_T    MAX_T    ARR.     Reward    
6      48.61s   -1       2.22s    7.94s    2        14       0        103      6        84.62%   1.95s    3.58s    3.25s    -5.53     
Step   Time     Action   Scale_T  Step_D   Input_Q  Worker_Q Result_Q Output_Q Workers  QoS      AVG_T    MAX_T    ARR.     Reward    
7      56.55s   +1       6.08s    7.94s    2        39       0        137      7        17.65%   4.42s    6.28s    4.25s    -16.11    
Step   Time     Action   Scale_T  Step_D   Input_Q  Worker_Q Result_Q Output_Q Workers  QoS      AVG_T    MAX_T    ARR.     Reward    
8      64.47s   +1       5.16s    7.92s    2        57       0        177      8        0.00%    7.03s    9.03s    5.00s    -20.08    
Step   Time     Action   Scale_T  Step_D   Input_Q  Worker_Q Result_Q Output_Q Workers  QoS      AVG_T    MAX_T    ARR.     Reward    
9      72.42s   +1       5.29s    7.95s    2        76       0        216      9        0.00%    10.39s   12.21s   4.88s    -22.03    
Step   Time     Action   Scale_T  Step_D   Input_Q  Worker_Q Result_Q Output_Q Workers  QoS      AVG_T    MAX_T    ARR.     Reward    
10     80.34s   +1       5.43s    7.92s    2        87       0        272      10       0.00%    11.77s   13.85s   7.00s    -23.18    
Step   Time     Action   Scale_T  Step_D   Input_Q  Worker_Q Result_Q Output_Q Workers  QoS      AVG_T    MAX_T    ARR.     Reward    
11     88.30s   +1       5.54s    7.96s    2        72       1        324      11       0.00%    12.44s   14.44s   6.88s    -21.72    
Step   Time     Action   Scale_T  Step_D   Input_Q  Worker_Q Result_Q Output_Q Workers  QoS      AVG_T    MAX_T    ARR.     Reward    
12     96.25s   +1       5.63s    7.96s    2        38       0        388      12       0.00%    13.56s   15.83s   8.25s    -18.37    
Step   Time     Action   Scale_T  Step_D   Input_Q  Worker_Q Result_Q Output_Q Workers  QoS      AVG_T    MAX_T    ARR.     Reward    
13     104.20s  +1       5.73s    7.95s    2        38       2        450      13       0.00%    8.95s    14.83s   7.75s    -18.42    
Step   Time     Action   Scale_T  Step_D   Input_Q  Worker_Q Result_Q Output_Q Workers  QoS      AVG_T    MAX_T    ARR.     Reward    
14     112.19s  +1       5.84s    7.99s    1        17       0        523      14       0.00%    6.36s    8.33s    9.12s    -16.37    
Step   Time     Action   Scale_T  Step_D   Input_Q  Worker_Q Result_Q Output_Q Workers  QoS      AVG_T    MAX_T    ARR.     Reward    
15     120.18s  +1       5.90s    7.99s    1        0        3        592      15       44.93%   3.90s    7.91s    8.62s    -11.33    
Step   Time     Action   Scale_T  Step_D   Input_Q  Worker_Q Result_Q Output_Q Workers  QoS      AVG_T    MAX_T    ARR.     Reward    
16     128.17s  +1       6.95s    7.99s    1        0        0        639      16       100.00%  1.43s    2.91s    5.88s    -4.77     
Step   Time     Action   Scale_T  Step_D   Input_Q  Worker_Q Result_Q Output_Q Workers  QoS      AVG_T    MAX_T    ARR.     Reward    
17     136.13s  -1       2.20s    7.96s    1        0        1        693      15       100.00%  1.33s    2.99s    6.88s    -4.72     
Step   Time     Action   Scale_T  Step_D   Input_Q  Worker_Q Result_Q Output_Q Workers  QoS      AVG_T    MAX_T    ARR.     Reward    
18     144.10s  -1       2.21s    7.97s    1        0        1        737      14       100.00%  1.45s    3.01s    5.50s    -4.67     
Step   Time     Action   Scale_T  Step_D   Input_Q  Worker_Q Result_Q Output_Q Workers  QoS      AVG_T    MAX_T    ARR.     Reward    
19     152.09s  -1       1.21s    7.99s    1        0        0        772      13       100.00%  1.56s    3.00s    4.38s    -4.62     
Step   Time     Action   Scale_T  Step_D   Input_Q  Worker_Q Result_Q Output_Q Workers  QoS      AVG_T    MAX_T    ARR.     Reward    
20     160.03s  -1       2.23s    7.95s    1        0        0        810      12       100.00%  1.57s    3.16s    4.75s    -4.57     
Step   Time     Action   Scale_T  Step_D   Input_Q  Worker_Q Result_Q Output_Q Workers  QoS      AVG_T    MAX_T    ARR.     Reward    
21     167.98s  -1       2.21s    7.94s    0        1        0        847      11       100.00%  1.42s    2.95s    4.62s    -4.62     
Step   Time     Action   Scale_T  Step_D   Input_Q  Worker_Q Result_Q Output_Q Workers  QoS      AVG_T    MAX_T    ARR.     Reward    
22     175.93s  -1       3.21s    7.96s    0        5        0        897      10       87.76%   2.27s    3.88s    6.12s    -4.44     
Step   Time     Action   Scale_T  Step_D   Input_Q  Worker_Q Result_Q Output_Q Workers  QoS      AVG_T    MAX_T    ARR.     Reward    
23     183.89s  +1       5.54s    7.96s    0        0        0        952      11       81.13%   2.07s    3.82s    6.62s    -6.79     
Step   Time     Action   Scale_T  Step_D   Input_Q  Worker_Q Result_Q Output_Q Workers  QoS      AVG_T    MAX_T    ARR.     Reward    
24     191.86s  +1       5.66s    7.97s    0        0        0        986      12       100.00%  1.57s    3.22s    4.62s    -4.57     
Step   Time     Action   Scale_T  Step_D   Input_Q  Worker_Q Result_Q Output_Q Workers  QoS      AVG_T    MAX_T    ARR.     Reward    
25     199.84s  -1       3.21s    7.98s    0        1        0        1023     11       97.30%   1.93s    3.61s    4.62s    -4.95     
Step   Time     Action   Scale_T  Step_D   Input_Q  Worker_Q Result_Q Output_Q Workers  QoS      AVG_T    MAX_T    ARR.     Reward    
26     207.80s  -1       3.23s    7.96s    0        0        1        1059     10       100.00%  1.54s    2.99s    4.62s    -4.48     
Step   Time     Action   Scale_T  Step_D   Input_Q  Worker_Q Result_Q Output_Q Workers  QoS      AVG_T    MAX_T    ARR.     Reward    
27     215.78s  -1       2.27s    7.98s    0        2        0        1095     9        100.00%  1.66s    2.83s    4.38s    -2.63     
Step   Time     Action   Scale_T  Step_D   Input_Q  Worker_Q Result_Q Output_Q Workers  QoS      AVG_T    MAX_T    ARR.     Reward    
28     223.88s  -1       3.34s    8.10s    0        0        0        1134     8        100.00%  1.82s    3.54s    4.62s    -4.38     
Step   Time     Action   Scale_T  Step_D   Input_Q  Worker_Q Result_Q Output_Q Workers  QoS      AVG_T    MAX_T    ARR.     Reward    
29     232.01s  0        0.00s    8.13s    0        0        0        1140     8        100.00%  2.03s    3.05s    0.75s    -1.38     

[INFO] Episode finished at step 29

[3/3] Summary Statistics
----------------------------------------------------------------------
Total Steps:        29
Total Reward:       -256.85
Mean Reward:        -8.86 ± 6.88
Mean QoS Rate:      69.43%
Mean Workers:       10.7
Scaling Actions:    28
No-op Actions:      1
======================================================================


======================================================================
TESTING REACTIVEMAXIMUM
======================================================================

[1/3] Resetting environment...
✓ Initial state: [ 3.   0.   0.   0.  12.   1.5  1.5  5.   1. ]

[2/3] Running 50 steps...
----------------------------------------------------------------------
Step   Time     Action   Scale_T  Step_D   Input_Q  Worker_Q Result_Q Output_Q Workers  QoS      AVG_T    MAX_T    ARR.     Reward    
1      8.90s    -1       2.33s    7.98s    3        0        0        15       11       100.00%  1.76s    2.84s    1.88s    -4.52     
Step   Time     Action   Scale_T  Step_D   Input_Q  Worker_Q Result_Q Output_Q Workers  QoS      AVG_T    MAX_T    ARR.     Reward    
2      16.88s   -1       2.28s    7.98s    3        0        1        23       10       100.00%  1.56s    2.64s    0.88s    -4.48     
Step   Time     Action   Scale_T  Step_D   Input_Q  Worker_Q Result_Q Output_Q Workers  QoS      AVG_T    MAX_T    ARR.     Reward    
3      24.83s   -1       1.24s    7.94s    3        0        0        36       9        100.00%  1.60s    2.97s    1.75s    -4.43     
Step   Time     Action   Scale_T  Step_D   Input_Q  Worker_Q Result_Q Output_Q Workers  QoS      AVG_T    MAX_T    ARR.     Reward    
4      32.81s   -1       2.30s    7.98s    3        0        0        55       8        100.00%  1.40s    2.93s    2.38s    -4.38     
Step   Time     Action   Scale_T  Step_D   Input_Q  Worker_Q Result_Q Output_Q Workers  QoS      AVG_T    MAX_T    ARR.     Reward    
5      40.73s   -1       2.44s    7.92s    3        0        1        75       7        100.00%  1.71s    2.98s    2.50s    -4.33     
Step   Time     Action   Scale_T  Step_D   Input_Q  Worker_Q Result_Q Output_Q Workers  QoS      AVG_T    MAX_T    ARR.     Reward    
6      48.65s   0        0.00s    7.92s    2        0        0        93       7        100.00%  1.79s    3.02s    2.25s    -1.33     
Step   Time     Action   Scale_T  Step_D   Input_Q  Worker_Q Result_Q Output_Q Workers  QoS      AVG_T    MAX_T    ARR.     Reward    
7      56.63s   0        0.00s    7.98s    2        23       0        129      7        37.84%   2.82s    4.44s    4.62s    -9.09     
Step   Time     Action   Scale_T  Step_D   Input_Q  Worker_Q Result_Q Output_Q Workers  QoS      AVG_T    MAX_T    ARR.     Reward    
8      64.70s   +1       7.25s    8.07s    2        31       0        169      8        2.56%    5.47s    6.96s    4.88s    -17.17    
Step   Time     Action   Scale_T  Step_D   Input_Q  Worker_Q Result_Q Output_Q Workers  QoS      AVG_T    MAX_T    ARR.     Reward    
9      72.72s   +1       6.99s    8.02s    2        46       0        209      9        0.00%    7.66s    9.30s    5.00s    -19.03    
Step   Time     Action   Scale_T  Step_D   Input_Q  Worker_Q Result_Q Output_Q Workers  QoS      AVG_T    MAX_T    ARR.     Reward    
10     80.66s   +1       6.11s    7.94s    2        63       0        261      10       0.00%    9.09s    11.46s   6.62s    -20.78    
Step   Time     Action   Scale_T  Step_D   Input_Q  Worker_Q Result_Q Output_Q Workers  QoS      AVG_T    MAX_T    ARR.     Reward    
11     88.65s   +1       7.23s    7.99s    2        48       0        318      11       0.00%    8.90s    10.72s   7.12s    -19.32    
Step   Time     Action   Scale_T  Step_D   Input_Q  Worker_Q Result_Q Output_Q Workers  QoS      AVG_T    MAX_T    ARR.     Reward    
12     96.63s   +1       5.29s    7.98s    2        46       0        380      12       0.00%    8.63s    11.57s   7.75s    -19.17    
Step   Time     Action   Scale_T  Step_D   Input_Q  Worker_Q Result_Q Output_Q Workers  QoS      AVG_T    MAX_T    ARR.     Reward    
13     104.62s  +1       5.36s    7.99s    2        41       2        447      13       0.00%    7.49s    9.59s    8.38s    -18.72    
Step   Time     Action   Scale_T  Step_D   Input_Q  Worker_Q Result_Q Output_Q Workers  QoS      AVG_T    MAX_T    ARR.     Reward    
14     112.57s  +1       5.39s    7.95s    1        28       1        522      14       0.00%    6.28s    8.73s    9.38s    -17.47    
Step   Time     Action   Scale_T  Step_D   Input_Q  Worker_Q Result_Q Output_Q Workers  QoS      AVG_T    MAX_T    ARR.     Reward    
15     120.55s  +1       5.53s    7.98s    1        0        0        594      15       26.39%   3.93s    6.57s    9.00s    -13.55    
Step   Time     Action   Scale_T  Step_D   Input_Q  Worker_Q Result_Q Output_Q Workers  QoS      AVG_T    MAX_T    ARR.     Reward    
16     128.55s  +1       5.60s    8.00s    1        0        0        622      16       100.00%  1.27s    2.78s    3.50s    -4.77     
Step   Time     Action   Scale_T  Step_D   Input_Q  Worker_Q Result_Q Output_Q Workers  QoS      AVG_T    MAX_T    ARR.     Reward    
17     136.58s  -1       3.26s    8.03s    1        0        0        658      15       100.00%  1.37s    2.95s    4.38s    -4.72     
Step   Time     Action   Scale_T  Step_D   Input_Q  Worker_Q Result_Q Output_Q Workers  QoS      AVG_T    MAX_T    ARR.     Reward    
18     144.54s  -1       2.21s    7.96s    1        0        0        696      14       100.00%  1.69s    2.97s    4.88s    -4.67     
Step   Time     Action   Scale_T  Step_D   Input_Q  Worker_Q Result_Q Output_Q Workers  QoS      AVG_T    MAX_T    ARR.     Reward    
19     152.52s  0        0.00s    7.98s    1        0        0        753      14       100.00%  1.54s    3.08s    7.12s    -1.67     
Step   Time     Action   Scale_T  Step_D   Input_Q  Worker_Q Result_Q Output_Q Workers  QoS      AVG_T    MAX_T    ARR.     Reward    
20     160.51s  +1       5.84s    7.98s    1        0        0        804      15       100.00%  1.59s    2.96s    6.38s    -4.72     
Step   Time     Action   Scale_T  Step_D   Input_Q  Worker_Q Result_Q Output_Q Workers  QoS      AVG_T    MAX_T    ARR.     Reward    
21     168.50s  +1       5.90s    7.99s    1        0        0        827      16       100.00%  1.67s    3.08s    2.88s    -4.77     
Step   Time     Action   Scale_T  Step_D   Input_Q  Worker_Q Result_Q Output_Q Workers  QoS      AVG_T    MAX_T    ARR.     Reward    
22     176.50s  -1       2.22s    8.00s    0        0        0        861      15       100.00%  1.41s    3.01s    4.25s    -4.72     
Step   Time     Action   Scale_T  Step_D   Input_Q  Worker_Q Result_Q Output_Q Workers  QoS      AVG_T    MAX_T    ARR.     Reward    
23     184.51s  -1       2.22s    8.00s    0        8        0        903      14       100.00%  1.61s    2.94s    5.25s    -3.47     
Step   Time     Action   Scale_T  Step_D   Input_Q  Worker_Q Result_Q Output_Q Workers  QoS      AVG_T    MAX_T    ARR.     Reward    
24     192.54s  +1       7.07s    8.03s    0        0        2        956      15       98.08%   1.76s    3.33s    6.50s    -4.95     
Step   Time     Action   Scale_T  Step_D   Input_Q  Worker_Q Result_Q Output_Q Workers  QoS      AVG_T    MAX_T    ARR.     Reward    
25     200.53s  +1       6.07s    7.99s    0        0        1        1000     16       100.00%  1.56s    2.96s    5.50s    -4.77     
Step   Time     Action   Scale_T  Step_D   Input_Q  Worker_Q Result_Q Output_Q Workers  QoS      AVG_T    MAX_T    ARR.     Reward    
26     208.51s  0        0.00s    7.98s    0        1        0        1042     16       100.00%  1.51s    2.60s    5.25s    -1.87     
Step   Time     Action   Scale_T  Step_D   Input_Q  Worker_Q Result_Q Output_Q Workers  QoS      AVG_T    MAX_T    ARR.     Reward    
27     216.52s  -1       2.21s    8.01s    0        0        2        1081     15       100.00%  1.42s    2.95s    4.88s    -4.72     
Step   Time     Action   Scale_T  Step_D   Input_Q  Worker_Q Result_Q Output_Q Workers  QoS      AVG_T    MAX_T    ARR.     Reward    
28     224.49s  -1       2.22s    7.97s    0        0        0        1114     14       100.00%  1.53s    2.98s    4.12s    -4.67     
Step   Time     Action   Scale_T  Step_D   Input_Q  Worker_Q Result_Q Output_Q Workers  QoS      AVG_T    MAX_T    ARR.     Reward    
29     232.50s  -1       2.20s    8.02s    0        0        0        1140     13       100.00%  1.75s    2.95s    3.25s    -4.62     

[INFO] Episode finished at step 29

[3/3] Summary Statistics
----------------------------------------------------------------------
Total Steps:        29
Total Reward:       -236.84
Mean Reward:        -8.17 ± 6.38
Mean QoS Rate:      71.20%
Mean Workers:       12.4
Scaling Actions:    25
No-op Actions:      4
======================================================================


======================================================================
COMPARISON TABLE
======================================================================
Metric                    Average              Maximum             
----------------------------------------------------------------------
Total Reward              -256.85              -236.84             
Mean Reward               -8.86                -8.17               
Mean QoS Rate             69.43%               71.20%              
Mean Workers              10.69                12.38               
Scaling Actions           28.00                25.00               
======================================================================

KEY INSIGHTS:
✓ ReactiveMaximum has better QoS (71.2% vs 69.4%)
✓ ReactiveAverage uses fewer workers (10.7 vs 12.4)


[PLOTTING] Generating visualizations...
[PLOT] Comparison saved to: plots/baseline_comparison_20251031_235815.png
[PLOT] Saved to: plots/reactiveaverage_20251031_235816.png
[PLOT] Saved to: plots/reactivemaximum_20251031_235818.png
✓ All plots generated


[CLEANUP] Closing environment...
✓ Done

