[LOG] Console output is being saved to /home/lanpei/AI-based-Autonomic-Management-of-Structured-Parallel-Programs/autoscaling_env/baselines/logs/reactive_baseline_both_20251031_023146.log

======================================================================
REACTIVE BASELINE TEST
======================================================================
Agent:         both
Steps:         50
Initial Workers: 1
Max Workers:   32
Step Duration: 10s
Planning Horizon: 10s
======================================================================

[SETUP] Initializing environment...
[INFO] This will deploy emitter, collector, and initial workers...
[INFO] This may take 1-2 minutes on first run...
✓ Environment initialized successfully

======================================================================
COMPARING REACTIVE BASELINES
======================================================================

======================================================================
TESTING REACTIVEAVERAGE
======================================================================

[1/3] Resetting environment...
✓ Initial state: [3.  0.  0.  0.  1.  1.5 1.5 5.  1. ]

[2/3] Running 50 steps...
----------------------------------------------------------------------
Step   Action   Scale_T  Step_D   Input_Q  Worker_Q Result_Q Output_Q Workers  QoS      AVG_T    MAX_T    ARR.     Reward    
1      +1       6.89s    9.91s    3        13       0        7        2        28.57%   5.71s    6.65s    0.70s    -11.96    
Step   Action   Scale_T  Step_D   Input_Q  Worker_Q Result_Q Output_Q Workers  QoS      AVG_T    MAX_T    ARR.     Reward    
2      +1       6.01s    9.91s    3        10       0        23       3        0.00%    9.19s    12.09s   1.60s    -15.14    
Step   Action   Scale_T  Step_D   Input_Q  Worker_Q Result_Q Output_Q Workers  QoS      AVG_T    MAX_T    ARR.     Reward    
3      +1       6.14s    9.94s    3        2        0        43       4        0.00%    6.12s    12.30s   2.00s    -14.39    
Step   Action   Scale_T  Step_D   Input_Q  Worker_Q Result_Q Output_Q Workers  QoS      AVG_T    MAX_T    ARR.     Reward    
4      +1       6.25s    9.96s    3        1        0        63       5        71.43%   3.42s    5.35s    2.10s    -7.76     
Step   Action   Scale_T  Step_D   Input_Q  Worker_Q Result_Q Output_Q Workers  QoS      AVG_T    MAX_T    ARR.     Reward    
5      +1       5.45s    9.96s    3        0        0        81       6        83.33%   1.10s    2.99s    1.80s    -6.28     
Step   Action   Scale_T  Step_D   Input_Q  Worker_Q Result_Q Output_Q Workers  QoS      AVG_T    MAX_T    ARR.     Reward    
6      -1       3.28s    9.96s    2        41       1        110      5        60.00%   2.46s    4.20s    3.00s    -11.13    
Step   Action   Scale_T  Step_D   Input_Q  Worker_Q Result_Q Output_Q Workers  QoS      AVG_T    MAX_T    ARR.     Reward    
7      +1       5.58s    10.01s   2        87       0        149      6        5.13%    8.08s    11.36s   3.90s    -22.37    
Step   Action   Scale_T  Step_D   Input_Q  Worker_Q Result_Q Output_Q Workers  QoS      AVG_T    MAX_T    ARR.     Reward    
8      +1       5.65s    9.95s    2        105      1        189      7        0.00%    13.10s   16.53s   4.00s    -24.83    
Step   Action   Scale_T  Step_D   Input_Q  Worker_Q Result_Q Output_Q Workers  QoS      AVG_T    MAX_T    ARR.     Reward    
9      +1       5.71s    9.99s    2        142      0        235      8        0.00%    18.73s   21.74s   4.60s    -28.58    
Step   Action   Scale_T  Step_D   Input_Q  Worker_Q Result_Q Output_Q Workers  QoS      AVG_T    MAX_T    ARR.     Reward    
10     +1       5.83s    9.97s    2        156      0        287      9        0.00%    21.45s   23.35s   5.30s    -30.03    
Step   Action   Scale_T  Step_D   Input_Q  Worker_Q Result_Q Output_Q Workers  QoS      AVG_T    MAX_T    ARR.     Reward    
11     +1       5.95s    10.01s   2        142      1        359      10       0.00%    23.12s   25.68s   7.20s    -28.68    
Step   Action   Scale_T  Step_D   Input_Q  Worker_Q Result_Q Output_Q Workers  QoS      AVG_T    MAX_T    ARR.     Reward    
12     +1       6.02s    10.00s   1        144      0        432      11       0.00%    23.63s   26.21s   7.30s    -28.92    
Step   Action   Scale_T  Step_D   Input_Q  Worker_Q Result_Q Output_Q Workers  QoS      AVG_T    MAX_T    ARR.     Reward    
13     +1       6.15s    10.01s   1        106      0        499      12       0.00%    22.21s   24.73s   6.70s    -25.17    
Step   Action   Scale_T  Step_D   Input_Q  Worker_Q Result_Q Output_Q Workers  QoS      AVG_T    MAX_T    ARR.     Reward    
14     +1       6.15s    10.03s   1        61       0        593      13       0.00%    21.28s   23.99s   9.40s    -20.72    
Step   Action   Scale_T  Step_D   Input_Q  Worker_Q Result_Q Output_Q Workers  QoS      AVG_T    MAX_T    ARR.     Reward    
15     +1       7.21s    10.06s   1        38       0        673      14       0.00%    12.69s   21.88s   8.00s    -18.47    
Step   Action   Scale_T  Step_D   Input_Q  Worker_Q Result_Q Output_Q Workers  QoS      AVG_T    MAX_T    ARR.     Reward    
16     +1       6.24s    10.06s   1        8        2        777      15       8.65%    5.57s    10.71s   10.40s   -14.48    
Step   Action   Scale_T  Step_D   Input_Q  Worker_Q Result_Q Output_Q Workers  QoS      AVG_T    MAX_T    ARR.     Reward    
17     +1       7.28s    10.07s   1        0        0        824      16       82.22%   2.21s    4.27s    4.50s    -6.90     
Step   Action   Scale_T  Step_D   Input_Q  Worker_Q Result_Q Output_Q Workers  QoS      AVG_T    MAX_T    ARR.     Reward    
18     -1       1.27s    10.05s   0        1        0        866      15       95.24%   1.10s    2.98s    4.20s    -5.39     
Step   Action   Scale_T  Step_D   Input_Q  Worker_Q Result_Q Output_Q Workers  QoS      AVG_T    MAX_T    ARR.     Reward    
19     -1       2.27s    10.04s   0        0        0        928      14       96.72%   1.71s    3.03s    6.10s    -5.06     
Step   Action   Scale_T  Step_D   Input_Q  Worker_Q Result_Q Output_Q Workers  QoS      AVG_T    MAX_T    ARR.     Reward    
20     -1       2.28s    10.04s   0        0        0        968      13       97.44%   1.64s    2.99s    3.90s    -4.93     
Step   Action   Scale_T  Step_D   Input_Q  Worker_Q Result_Q Output_Q Workers  QoS      AVG_T    MAX_T    ARR.     Reward    
21     -1       1.24s    10.05s   0        0        0        1019     12       92.16%   1.72s    3.13s    5.10s    -5.51     
Step   Action   Scale_T  Step_D   Input_Q  Worker_Q Result_Q Output_Q Workers  QoS      AVG_T    MAX_T    ARR.     Reward    
22     -1       2.28s    10.01s   0        0        0        1064     11       100.00%  1.63s    3.87s    4.50s    -4.52     
Step   Action   Scale_T  Step_D   Input_Q  Worker_Q Result_Q Output_Q Workers  QoS      AVG_T    MAX_T    ARR.     Reward    
23     -1       2.22s    10.02s   0        0        0        1102     10       94.74%   1.87s    3.01s    3.80s    -5.11     
Step   Action   Scale_T  Step_D   Input_Q  Worker_Q Result_Q Output_Q Workers  QoS      AVG_T    MAX_T    ARR.     Reward    
24     -1       3.25s    10.03s   0        0        0        1140     9        94.59%   1.64s    3.07s    3.70s    -5.08     

[INFO] Episode finished at step 24

[3/3] Summary Statistics
----------------------------------------------------------------------
Total Steps:        24
Total Reward:       -351.40
Mean Reward:        -14.64 ± 9.12
Mean QoS Rate:      42.09%
Mean Workers:       9.6
Scaling Actions:    24
No-op Actions:      0
======================================================================


======================================================================
TESTING REACTIVEMAXIMUM
======================================================================

[1/3] Resetting environment...
✓ Initial state: [3.  1.  0.  0.  1.  1.5 1.5 5.  1. ]

[2/3] Running 50 steps...
----------------------------------------------------------------------
Step   Action   Scale_T  Step_D   Input_Q  Worker_Q Result_Q Output_Q Workers  QoS      AVG_T    MAX_T    ARR.     Reward    
1      +1       6.93s    9.93s    3        12       0        11       2        45.45%   2.45s    6.68s    1.10s    -9.83     
Step   Action   Scale_T  Step_D   Input_Q  Worker_Q Result_Q Output_Q Workers  QoS      AVG_T    MAX_T    ARR.     Reward    
2      +1       6.08s    9.92s    3        9        1        27       3        0.00%    7.64s    10.02s   1.60s    -15.04    
Step   Action   Scale_T  Step_D   Input_Q  Worker_Q Result_Q Output_Q Workers  QoS      AVG_T    MAX_T    ARR.     Reward    
3      +1       5.21s    9.94s    3        10       0        42       4        13.33%   6.54s    10.61s   1.50s    -13.59    
Step   Action   Scale_T  Step_D   Input_Q  Worker_Q Result_Q Output_Q Workers  QoS      AVG_T    MAX_T    ARR.     Reward    
4      +1       5.38s    9.95s    3        12       1        72       5        3.23%    6.06s    10.03s   3.10s    -15.05    
Step   Action   Scale_T  Step_D   Input_Q  Worker_Q Result_Q Output_Q Workers  QoS      AVG_T    MAX_T    ARR.     Reward    
5      +1       5.50s    9.98s    2        57       0        106      6        5.88%    5.72s    8.30s    3.40s    -19.28    
Step   Action   Scale_T  Step_D   Input_Q  Worker_Q Result_Q Output_Q Workers  QoS      AVG_T    MAX_T    ARR.     Reward    
6      +1       5.59s    9.98s    2        85       2        148      7        0.00%    11.40s   14.54s   4.20s    -22.83    
Step   Action   Scale_T  Step_D   Input_Q  Worker_Q Result_Q Output_Q Workers  QoS      AVG_T    MAX_T    ARR.     Reward    
7      +1       5.70s    9.98s    2        135      1        193      8        0.00%    14.63s   17.31s   4.50s    -27.88    
Step   Action   Scale_T  Step_D   Input_Q  Worker_Q Result_Q Output_Q Workers  QoS      AVG_T    MAX_T    ARR.     Reward    
8      +1       5.82s    9.97s    2        154      0        252      9        0.00%    17.66s   20.19s   5.90s    -29.83    
Step   Action   Scale_T  Step_D   Input_Q  Worker_Q Result_Q Output_Q Workers  QoS      AVG_T    MAX_T    ARR.     Reward    
9      +1       5.94s    10.00s   2        162      1        317      10       0.00%    20.10s   22.49s   6.50s    -30.68    
Step   Action   Scale_T  Step_D   Input_Q  Worker_Q Result_Q Output_Q Workers  QoS      AVG_T    MAX_T    ARR.     Reward    
10     +1       6.02s    10.02s   1        183      0        384      11       0.00%    23.57s   25.94s   6.70s    -32.82    
Step   Action   Scale_T  Step_D   Input_Q  Worker_Q Result_Q Output_Q Workers  QoS      AVG_T    MAX_T    ARR.     Reward    
11     +1       6.11s    10.01s   1        148      0        475      12       0.00%    23.38s   27.31s   9.10s    -29.37    
Step   Action   Scale_T  Step_D   Input_Q  Worker_Q Result_Q Output_Q Workers  QoS      AVG_T    MAX_T    ARR.     Reward    
12     +1       6.19s    10.04s   1        108      0        558      13       0.00%    22.19s   24.88s   8.20s    -25.42    
Step   Action   Scale_T  Step_D   Input_Q  Worker_Q Result_Q Output_Q Workers  QoS      AVG_T    MAX_T    ARR.     Reward    
13     +1       5.27s    10.05s   1        85       0        642      14       0.00%    20.85s   24.29s   8.30s    -23.17    
Step   Action   Scale_T  Step_D   Input_Q  Worker_Q Result_Q Output_Q Workers  QoS      AVG_T    MAX_T    ARR.     Reward    
14     +1       5.31s    10.06s   1        38       0        744      15       0.00%    13.00s   20.82s   10.20s   -18.52    
Step   Action   Scale_T  Step_D   Input_Q  Worker_Q Result_Q Output_Q Workers  QoS      AVG_T    MAX_T    ARR.     Reward    
15     +1       5.32s    10.07s   1        0        0        836      16       22.83%   5.25s    11.14s   9.20s    -14.03    
Step   Action   Scale_T  Step_D   Input_Q  Worker_Q Result_Q Output_Q Workers  QoS      AVG_T    MAX_T    ARR.     Reward    
16     +1       6.35s    10.07s   0        0        0        889      17       100.00%  1.54s    3.81s    5.30s    -4.81     
Step   Action   Scale_T  Step_D   Input_Q  Worker_Q Result_Q Output_Q Workers  QoS      AVG_T    MAX_T    ARR.     Reward    
17     +1       7.32s    10.07s   0        0        0        936      18       100.00%  1.65s    3.06s    4.70s    -4.86     
Step   Action   Scale_T  Step_D   Input_Q  Worker_Q Result_Q Output_Q Workers  QoS      AVG_T    MAX_T    ARR.     Reward    
18     -1       1.27s    10.06s   0        1        0        977      17       97.56%   1.70s    2.98s    4.10s    -5.21     
Step   Action   Scale_T  Step_D   Input_Q  Worker_Q Result_Q Output_Q Workers  QoS      AVG_T    MAX_T    ARR.     Reward    
19     -1       2.23s    10.09s   0        0        2        1031     16       98.11%   1.54s    3.00s    5.30s    -4.99     
Step   Action   Scale_T  Step_D   Input_Q  Worker_Q Result_Q Output_Q Workers  QoS      AVG_T    MAX_T    ARR.     Reward    
20     +1       6.38s    10.10s   0        0        1        1077     17       97.73%   1.60s    3.11s    4.40s    -5.09     
Step   Action   Scale_T  Step_D   Input_Q  Worker_Q Result_Q Output_Q Workers  QoS      AVG_T    MAX_T    ARR.     Reward    
21     -1       2.25s    10.06s   0        0        0        1133     16       96.36%   1.35s    3.01s    5.50s    -5.20     
Step   Action   Scale_T  Step_D   Input_Q  Worker_Q Result_Q Output_Q Workers  QoS      AVG_T    MAX_T    ARR.     Reward    
22     +1       7.42s    10.11s   0        0        0        1140     17       100.00%  2.95s    2.99s    0.70s    -4.81     

[INFO] Episode finished at step 22

[3/3] Summary Statistics
----------------------------------------------------------------------
Total Steps:        22
Total Reward:       -362.30
Mean Reward:        -16.47 ± 9.78
Mean QoS Rate:      35.48%
Mean Workers:       11.5
Scaling Actions:    22
No-op Actions:      0
======================================================================


======================================================================
COMPARISON TABLE
======================================================================
Metric                    Average              Maximum             
----------------------------------------------------------------------
Total Reward              -351.40              -362.30             
Mean Reward               -14.64               -16.47              
Mean QoS Rate             42.09%               35.48%              
Mean Workers              9.58                 11.50               
Scaling Actions           24.00                22.00               
======================================================================

KEY INSIGHTS:
✓ ReactiveAverage has better QoS (42.1% vs 35.5%)
✓ ReactiveAverage uses fewer workers (9.6 vs 11.5)


[PLOTTING] Generating visualizations...
[PLOT] Comparison saved to: plots/baseline_comparison_20251031_024157.png
[PLOT] Saved to: plots/reactiveaverage_20251031_024158.png
[PLOT] Saved to: plots/reactivemaximum_20251031_024200.png
✓ All plots generated


[CLEANUP] Closing environment...
✓ Done

